{"C:\\Users\\Admin\\Documents\\dev\\ancyr_academy\\ratatouille-starter\\src\\modules\\core\\stub.id-provider.ts": {"path":"C:\\Users\\Admin\\Documents\\dev\\ancyr_academy\\ratatouille-starter\\src\\modules\\core\\stub.id-provider.ts","all":false,"statementMap":{"0":{"start":{"line":1,"column":0},"end":{"line":1,"column":67}},"1":{"start":{"line":2,"column":0},"end":{"line":2,"column":0}},"2":{"start":{"line":3,"column":0},"end":{"line":3,"column":52}},"3":{"start":{"line":4,"column":0},"end":{"line":4,"column":21}},"4":{"start":{"line":5,"column":0},"end":{"line":5,"column":13}},"5":{"start":{"line":6,"column":0},"end":{"line":6,"column":2}},"6":{"start":{"line":7,"column":0},"end":{"line":7,"column":1}}},"s":{"0":1,"1":1,"2":25,"3":25,"4":3,"5":3,"6":25},"branchMap":{"0":{"type":"branch","line":3,"loc":{"start":{"line":3,"column":0},"end":{"line":7,"column":1}},"locations":[{"start":{"line":3,"column":0},"end":{"line":7,"column":1}}]},"1":{"type":"branch","line":3,"loc":{"start":{"line":3,"column":0},"end":{"line":7,"column":1}},"locations":[{"start":{"line":3,"column":0},"end":{"line":7,"column":1}}]},"2":{"type":"branch","line":4,"loc":{"start":{"line":4,"column":1},"end":{"line":6,"column":2}},"locations":[{"start":{"line":4,"column":1},"end":{"line":6,"column":2}}]}},"b":{"0":[9],"1":[25],"2":[3]},"fnMap":{"0":{"name":"StubIDProvider","decl":{"start":{"line":3,"column":0},"end":{"line":7,"column":1}},"loc":{"start":{"line":3,"column":0},"end":{"line":7,"column":1}},"line":3},"1":{"name":"Object.<anonymous>.StubIDProvider.generate","decl":{"start":{"line":4,"column":1},"end":{"line":6,"column":2}},"loc":{"start":{"line":4,"column":1},"end":{"line":6,"column":2}},"line":4}},"f":{"0":25,"1":3}}
,"C:\\Users\\Admin\\Documents\\dev\\ancyr_academy\\ratatouille-starter\\src\\modules\\order\\core\\form\\guest.form.ts": {"path":"C:\\Users\\Admin\\Documents\\dev\\ancyr_academy\\ratatouille-starter\\src\\modules\\order\\core\\form\\guest.form.ts","all":false,"statementMap":{"0":{"start":{"line":1,"column":0},"end":{"line":1,"column":32}},"1":{"start":{"line":2,"column":0},"end":{"line":2,"column":67}},"2":{"start":{"line":3,"column":0},"end":{"line":3,"column":98}},"3":{"start":{"line":4,"column":0},"end":{"line":4,"column":0}},"4":{"start":{"line":5,"column":0},"end":{"line":5,"column":24}},"5":{"start":{"line":6,"column":0},"end":{"line":6,"column":48}},"6":{"start":{"line":7,"column":0},"end":{"line":7,"column":0}},"7":{"start":{"line":8,"column":0},"end":{"line":8,"column":44}},"8":{"start":{"line":9,"column":0},"end":{"line":9,"column":36}},"9":{"start":{"line":10,"column":0},"end":{"line":10,"column":22}},"10":{"start":{"line":11,"column":0},"end":{"line":11,"column":35}},"11":{"start":{"line":12,"column":0},"end":{"line":12,"column":22}},"12":{"start":{"line":13,"column":0},"end":{"line":13,"column":20}},"13":{"start":{"line":14,"column":0},"end":{"line":14,"column":11}},"14":{"start":{"line":15,"column":0},"end":{"line":15,"column":12}},"15":{"start":{"line":16,"column":0},"end":{"line":16,"column":17}},"16":{"start":{"line":17,"column":0},"end":{"line":17,"column":22}},"17":{"start":{"line":18,"column":0},"end":{"line":18,"column":19}},"18":{"start":{"line":19,"column":0},"end":{"line":19,"column":17}},"19":{"start":{"line":20,"column":0},"end":{"line":20,"column":6}},"20":{"start":{"line":21,"column":0},"end":{"line":21,"column":6}},"21":{"start":{"line":22,"column":0},"end":{"line":22,"column":5}},"22":{"start":{"line":23,"column":0},"end":{"line":23,"column":2}},"23":{"start":{"line":24,"column":0},"end":{"line":24,"column":0}},"24":{"start":{"line":25,"column":0},"end":{"line":25,"column":59}},"25":{"start":{"line":26,"column":0},"end":{"line":26,"column":36}},"26":{"start":{"line":27,"column":0},"end":{"line":27,"column":68}},"27":{"start":{"line":28,"column":0},"end":{"line":28,"column":25}},"28":{"start":{"line":29,"column":0},"end":{"line":29,"column":0}},"29":{"start":{"line":30,"column":0},"end":{"line":30,"column":33}},"30":{"start":{"line":31,"column":0},"end":{"line":31,"column":33}},"31":{"start":{"line":32,"column":0},"end":{"line":32,"column":29}},"32":{"start":{"line":33,"column":0},"end":{"line":33,"column":4}},"33":{"start":{"line":34,"column":0},"end":{"line":34,"column":5}},"34":{"start":{"line":35,"column":0},"end":{"line":35,"column":2}},"35":{"start":{"line":36,"column":0},"end":{"line":36,"column":0}},"36":{"start":{"line":37,"column":0},"end":{"line":37,"column":63}},"37":{"start":{"line":38,"column":0},"end":{"line":38,"column":36}},"38":{"start":{"line":39,"column":0},"end":{"line":39,"column":68}},"39":{"start":{"line":40,"column":0},"end":{"line":40,"column":46}},"40":{"start":{"line":41,"column":0},"end":{"line":41,"column":5}},"41":{"start":{"line":42,"column":0},"end":{"line":42,"column":2}},"42":{"start":{"line":43,"column":0},"end":{"line":43,"column":0}},"43":{"start":{"line":44,"column":0},"end":{"line":44,"column":49}},"44":{"start":{"line":45,"column":0},"end":{"line":45,"column":10}},"45":{"start":{"line":46,"column":0},"end":{"line":46,"column":32}},"46":{"start":{"line":47,"column":0},"end":{"line":47,"column":22}},"47":{"start":{"line":48,"column":0},"end":{"line":48,"column":14}},"48":{"start":{"line":49,"column":0},"end":{"line":49,"column":21}},"49":{"start":{"line":50,"column":0},"end":{"line":50,"column":30}},"50":{"start":{"line":51,"column":0},"end":{"line":51,"column":26}},"51":{"start":{"line":52,"column":0},"end":{"line":52,"column":4}},"52":{"start":{"line":53,"column":0},"end":{"line":53,"column":4}},"53":{"start":{"line":54,"column":0},"end":{"line":54,"column":2}},"54":{"start":{"line":55,"column":0},"end":{"line":55,"column":0}},"55":{"start":{"line":56,"column":0},"end":{"line":56,"column":56}},"56":{"start":{"line":57,"column":0},"end":{"line":57,"column":34}},"57":{"start":{"line":58,"column":0},"end":{"line":58,"column":13}},"58":{"start":{"line":59,"column":0},"end":{"line":59,"column":9}},"59":{"start":{"line":60,"column":0},"end":{"line":60,"column":37}},"60":{"start":{"line":61,"column":0},"end":{"line":61,"column":4}},"61":{"start":{"line":62,"column":0},"end":{"line":62,"column":36}},"62":{"start":{"line":63,"column":0},"end":{"line":63,"column":63}},"63":{"start":{"line":64,"column":0},"end":{"line":64,"column":22}},"64":{"start":{"line":65,"column":0},"end":{"line":65,"column":0}},"65":{"start":{"line":66,"column":0},"end":{"line":66,"column":22}},"66":{"start":{"line":67,"column":0},"end":{"line":67,"column":5}},"67":{"start":{"line":68,"column":0},"end":{"line":68,"column":2}},"68":{"start":{"line":69,"column":0},"end":{"line":69,"column":1}}},"s":{"0":1,"1":1,"2":1,"3":1,"4":1,"5":1,"6":1,"7":1,"8":3,"9":3,"10":3,"11":3,"12":3,"13":3,"14":3,"15":3,"16":3,"17":3,"18":3,"19":3,"20":3,"21":3,"22":3,"23":1,"24":1,"25":4,"26":4,"27":4,"28":3,"29":3,"30":4,"31":1,"32":1,"33":4,"34":4,"35":1,"36":1,"37":2,"38":2,"39":2,"40":2,"41":2,"42":1,"43":1,"44":5,"45":5,"46":4,"47":4,"48":4,"49":4,"50":2,"51":5,"52":5,"53":5,"54":1,"55":1,"56":4,"57":4,"58":4,"59":4,"60":4,"61":4,"62":4,"63":4,"64":3,"65":3,"66":4,"67":4,"68":1},"branchMap":{"0":{"type":"branch","line":5,"loc":{"start":{"line":5,"column":0},"end":{"line":69,"column":1}},"locations":[{"start":{"line":5,"column":0},"end":{"line":69,"column":1}}]},"1":{"type":"branch","line":6,"loc":{"start":{"line":6,"column":1},"end":{"line":6,"column":48}},"locations":[{"start":{"line":6,"column":1},"end":{"line":6,"column":48}}]},"2":{"type":"branch","line":8,"loc":{"start":{"line":8,"column":1},"end":{"line":23,"column":2}},"locations":[{"start":{"line":8,"column":1},"end":{"line":23,"column":2}}]},"3":{"type":"branch","line":9,"loc":{"start":{"line":9,"column":24},"end":{"line":22,"column":3}},"locations":[{"start":{"line":9,"column":24},"end":{"line":22,"column":3}}]},"4":{"type":"branch","line":25,"loc":{"start":{"line":25,"column":1},"end":{"line":35,"column":2}},"locations":[{"start":{"line":25,"column":1},"end":{"line":35,"column":2}}]},"5":{"type":"branch","line":26,"loc":{"start":{"line":26,"column":24},"end":{"line":34,"column":3}},"locations":[{"start":{"line":26,"column":24},"end":{"line":34,"column":3}}]},"6":{"type":"branch","line":28,"loc":{"start":{"line":28,"column":18},"end":{"line":28,"column":25}},"locations":[{"start":{"line":28,"column":18},"end":{"line":28,"column":25}}]},"7":{"type":"branch","line":29,"loc":{"start":{"line":29,"column":-2},"end":{"line":31,"column":32}},"locations":[{"start":{"line":29,"column":-2},"end":{"line":31,"column":32}}]},"8":{"type":"branch","line":31,"loc":{"start":{"line":31,"column":32},"end":{"line":33,"column":4}},"locations":[{"start":{"line":31,"column":32},"end":{"line":33,"column":4}}]},"9":{"type":"branch","line":27,"loc":{"start":{"line":27,"column":40},"end":{"line":27,"column":56}},"locations":[{"start":{"line":27,"column":40},"end":{"line":27,"column":56}}]},"10":{"type":"branch","line":37,"loc":{"start":{"line":37,"column":1},"end":{"line":42,"column":2}},"locations":[{"start":{"line":37,"column":1},"end":{"line":42,"column":2}}]},"11":{"type":"branch","line":38,"loc":{"start":{"line":38,"column":24},"end":{"line":41,"column":3}},"locations":[{"start":{"line":38,"column":24},"end":{"line":41,"column":3}}]},"12":{"type":"branch","line":40,"loc":{"start":{"line":40,"column":34},"end":{"line":40,"column":38}},"locations":[{"start":{"line":40,"column":34},"end":{"line":40,"column":38}}]},"13":{"type":"branch","line":40,"loc":{"start":{"line":40,"column":39},"end":{"line":40,"column":45}},"locations":[{"start":{"line":40,"column":39},"end":{"line":40,"column":45}}]},"14":{"type":"branch","line":39,"loc":{"start":{"line":39,"column":40},"end":{"line":39,"column":56}},"locations":[{"start":{"line":39,"column":40},"end":{"line":39,"column":56}}]},"15":{"type":"branch","line":44,"loc":{"start":{"line":44,"column":1},"end":{"line":54,"column":2}},"locations":[{"start":{"line":44,"column":1},"end":{"line":54,"column":2}}]},"16":{"type":"branch","line":46,"loc":{"start":{"line":46,"column":29},"end":{"line":51,"column":26}},"locations":[{"start":{"line":46,"column":29},"end":{"line":51,"column":26}}]},"17":{"type":"branch","line":48,"loc":{"start":{"line":48,"column":4},"end":{"line":49,"column":10}},"locations":[{"start":{"line":48,"column":4},"end":{"line":49,"column":10}}]},"18":{"type":"branch","line":49,"loc":{"start":{"line":49,"column":18},"end":{"line":50,"column":27}},"locations":[{"start":{"line":49,"column":18},"end":{"line":50,"column":27}}]},"19":{"type":"branch","line":50,"loc":{"start":{"line":50,"column":27},"end":{"line":51,"column":26}},"locations":[{"start":{"line":50,"column":27},"end":{"line":51,"column":26}}]},"20":{"type":"branch","line":56,"loc":{"start":{"line":56,"column":1},"end":{"line":68,"column":2}},"locations":[{"start":{"line":56,"column":1},"end":{"line":68,"column":2}}]},"21":{"type":"branch","line":62,"loc":{"start":{"line":62,"column":24},"end":{"line":67,"column":3}},"locations":[{"start":{"line":62,"column":24},"end":{"line":67,"column":3}}]},"22":{"type":"branch","line":64,"loc":{"start":{"line":64,"column":15},"end":{"line":64,"column":22}},"locations":[{"start":{"line":64,"column":15},"end":{"line":64,"column":22}}]},"23":{"type":"branch","line":65,"loc":{"start":{"line":65,"column":-2},"end":{"line":67,"column":3}},"locations":[{"start":{"line":65,"column":-2},"end":{"line":67,"column":3}}]},"24":{"type":"branch","line":63,"loc":{"start":{"line":63,"column":35},"end":{"line":63,"column":51}},"locations":[{"start":{"line":63,"column":35},"end":{"line":63,"column":51}}]}},"b":{"0":[1],"1":[1],"2":[3],"3":[3],"4":[4],"5":[4],"6":[1],"7":[3],"8":[1],"9":[3],"10":[2],"11":[2],"12":[1],"13":[1],"14":[1],"15":[5],"16":[4],"17":[4],"18":[3],"19":[2],"20":[4],"21":[4],"22":[1],"23":[3],"24":[4]},"fnMap":{"0":{"name":"GuestForm","decl":{"start":{"line":6,"column":1},"end":{"line":6,"column":48}},"loc":{"start":{"line":6,"column":1},"end":{"line":6,"column":48}},"line":6},"1":{"name":"Object.<anonymous>.GuestForm.addGuest","decl":{"start":{"line":8,"column":1},"end":{"line":23,"column":2}},"loc":{"start":{"line":8,"column":1},"end":{"line":23,"column":2}},"line":8},"2":{"name":"Object.<anonymous>.GuestForm.removeGuest","decl":{"start":{"line":25,"column":1},"end":{"line":35,"column":2}},"loc":{"start":{"line":25,"column":1},"end":{"line":35,"column":2}},"line":25},"3":{"name":"Object.<anonymous>.GuestForm.changeOrganizer","decl":{"start":{"line":37,"column":1},"end":{"line":42,"column":2}},"loc":{"start":{"line":37,"column":1},"end":{"line":42,"column":2}},"line":37},"4":{"name":"Object.<anonymous>.GuestForm.isSubmittable","decl":{"start":{"line":44,"column":1},"end":{"line":54,"column":2}},"loc":{"start":{"line":44,"column":1},"end":{"line":54,"column":2}},"line":44},"5":{"name":"Object.<anonymous>.GuestForm.updateGuest","decl":{"start":{"line":56,"column":1},"end":{"line":68,"column":2}},"loc":{"start":{"line":56,"column":1},"end":{"line":68,"column":2}},"line":56}},"f":{"0":1,"1":3,"2":4,"3":2,"4":5,"5":4}}
,"C:\\Users\\Admin\\Documents\\dev\\ancyr_academy\\ratatouille-starter\\src\\modules\\order\\core\\form\\meal.form.ts": {"path":"C:\\Users\\Admin\\Documents\\dev\\ancyr_academy\\ratatouille-starter\\src\\modules\\order\\core\\form\\meal.form.ts","all":false,"statementMap":{"0":{"start":{"line":1,"column":0},"end":{"line":1,"column":98}},"1":{"start":{"line":2,"column":0},"end":{"line":2,"column":32}},"2":{"start":{"line":3,"column":0},"end":{"line":3,"column":0}},"3":{"start":{"line":4,"column":0},"end":{"line":4,"column":23}},"4":{"start":{"line":5,"column":0},"end":{"line":5,"column":20}},"5":{"start":{"line":6,"column":0},"end":{"line":6,"column":33}},"6":{"start":{"line":7,"column":0},"end":{"line":7,"column":36}},"7":{"start":{"line":8,"column":0},"end":{"line":8,"column":4}},"8":{"start":{"line":9,"column":0},"end":{"line":9,"column":28}},"9":{"start":{"line":10,"column":0},"end":{"line":10,"column":2}},"10":{"start":{"line":11,"column":0},"end":{"line":11,"column":0}},"11":{"start":{"line":12,"column":0},"end":{"line":12,"column":24}},"12":{"start":{"line":13,"column":0},"end":{"line":13,"column":33}},"13":{"start":{"line":14,"column":0},"end":{"line":14,"column":34}},"14":{"start":{"line":15,"column":0},"end":{"line":15,"column":4}},"15":{"start":{"line":16,"column":0},"end":{"line":16,"column":37}},"16":{"start":{"line":17,"column":0},"end":{"line":17,"column":0}},"17":{"start":{"line":18,"column":0},"end":{"line":18,"column":39}},"18":{"start":{"line":19,"column":0},"end":{"line":19,"column":2}},"19":{"start":{"line":20,"column":0},"end":{"line":20,"column":0}},"20":{"start":{"line":21,"column":0},"end":{"line":21,"column":22}},"21":{"start":{"line":22,"column":0},"end":{"line":22,"column":36}},"22":{"start":{"line":23,"column":0},"end":{"line":23,"column":34}},"23":{"start":{"line":24,"column":0},"end":{"line":24,"column":4}},"24":{"start":{"line":25,"column":0},"end":{"line":25,"column":33}},"25":{"start":{"line":26,"column":0},"end":{"line":26,"column":12}},"26":{"start":{"line":27,"column":0},"end":{"line":27,"column":65}},"27":{"start":{"line":28,"column":0},"end":{"line":28,"column":37}},"28":{"start":{"line":29,"column":0},"end":{"line":29,"column":5}},"29":{"start":{"line":30,"column":0},"end":{"line":30,"column":5}},"30":{"start":{"line":31,"column":0},"end":{"line":31,"column":2}},"31":{"start":{"line":32,"column":0},"end":{"line":32,"column":0}},"32":{"start":{"line":33,"column":0},"end":{"line":33,"column":26}},"33":{"start":{"line":34,"column":0},"end":{"line":34,"column":36}},"34":{"start":{"line":35,"column":0},"end":{"line":35,"column":34}},"35":{"start":{"line":36,"column":0},"end":{"line":36,"column":4}},"36":{"start":{"line":37,"column":0},"end":{"line":37,"column":33}},"37":{"start":{"line":38,"column":0},"end":{"line":38,"column":12}},"38":{"start":{"line":39,"column":0},"end":{"line":39,"column":21}},"39":{"start":{"line":40,"column":0},"end":{"line":40,"column":10}},"40":{"start":{"line":41,"column":0},"end":{"line":41,"column":45}},"41":{"start":{"line":42,"column":0},"end":{"line":42,"column":42}},"42":{"start":{"line":43,"column":0},"end":{"line":43,"column":5}},"43":{"start":{"line":44,"column":0},"end":{"line":44,"column":5}},"44":{"start":{"line":45,"column":0},"end":{"line":45,"column":2}},"45":{"start":{"line":46,"column":0},"end":{"line":46,"column":0}},"46":{"start":{"line":47,"column":0},"end":{"line":47,"column":23}},"47":{"start":{"line":48,"column":0},"end":{"line":48,"column":36}},"48":{"start":{"line":49,"column":0},"end":{"line":49,"column":34}},"49":{"start":{"line":50,"column":0},"end":{"line":50,"column":4}},"50":{"start":{"line":51,"column":0},"end":{"line":51,"column":33}},"51":{"start":{"line":52,"column":0},"end":{"line":52,"column":12}},"52":{"start":{"line":53,"column":0},"end":{"line":53,"column":67}},"53":{"start":{"line":54,"column":0},"end":{"line":54,"column":37}},"54":{"start":{"line":55,"column":0},"end":{"line":55,"column":5}},"55":{"start":{"line":56,"column":0},"end":{"line":56,"column":5}},"56":{"start":{"line":57,"column":0},"end":{"line":57,"column":2}},"57":{"start":{"line":58,"column":0},"end":{"line":58,"column":0}},"58":{"start":{"line":59,"column":0},"end":{"line":59,"column":21}},"59":{"start":{"line":60,"column":0},"end":{"line":60,"column":36}},"60":{"start":{"line":61,"column":0},"end":{"line":61,"column":34}},"61":{"start":{"line":62,"column":0},"end":{"line":62,"column":4}},"62":{"start":{"line":63,"column":0},"end":{"line":63,"column":33}},"63":{"start":{"line":64,"column":0},"end":{"line":64,"column":12}},"64":{"start":{"line":65,"column":0},"end":{"line":65,"column":65}},"65":{"start":{"line":66,"column":0},"end":{"line":66,"column":37}},"66":{"start":{"line":67,"column":0},"end":{"line":67,"column":5}},"67":{"start":{"line":68,"column":0},"end":{"line":68,"column":5}},"68":{"start":{"line":69,"column":0},"end":{"line":69,"column":2}},"69":{"start":{"line":70,"column":0},"end":{"line":70,"column":0}},"70":{"start":{"line":71,"column":0},"end":{"line":71,"column":13}},"71":{"start":{"line":72,"column":0},"end":{"line":72,"column":33}},"72":{"start":{"line":73,"column":0},"end":{"line":73,"column":18}},"73":{"start":{"line":74,"column":0},"end":{"line":74,"column":43}},"74":{"start":{"line":75,"column":0},"end":{"line":75,"column":4}},"75":{"start":{"line":76,"column":0},"end":{"line":76,"column":35}},"76":{"start":{"line":77,"column":0},"end":{"line":77,"column":68}},"77":{"start":{"line":78,"column":0},"end":{"line":78,"column":22}},"78":{"start":{"line":79,"column":0},"end":{"line":79,"column":0}},"79":{"start":{"line":80,"column":0},"end":{"line":80,"column":30}},"80":{"start":{"line":81,"column":0},"end":{"line":81,"column":5}},"81":{"start":{"line":82,"column":0},"end":{"line":82,"column":2}},"82":{"start":{"line":83,"column":0},"end":{"line":83,"column":0}},"83":{"start":{"line":84,"column":0},"end":{"line":84,"column":18}},"84":{"start":{"line":85,"column":0},"end":{"line":85,"column":33}},"85":{"start":{"line":86,"column":0},"end":{"line":86,"column":18}},"86":{"start":{"line":87,"column":0},"end":{"line":87,"column":43}},"87":{"start":{"line":88,"column":0},"end":{"line":88,"column":4}},"88":{"start":{"line":89,"column":0},"end":{"line":89,"column":35}},"89":{"start":{"line":90,"column":0},"end":{"line":90,"column":68}},"90":{"start":{"line":91,"column":0},"end":{"line":91,"column":22}},"91":{"start":{"line":92,"column":0},"end":{"line":92,"column":0}},"92":{"start":{"line":93,"column":0},"end":{"line":93,"column":35}},"93":{"start":{"line":94,"column":0},"end":{"line":94,"column":5}},"94":{"start":{"line":95,"column":0},"end":{"line":95,"column":2}},"95":{"start":{"line":96,"column":0},"end":{"line":96,"column":0}},"96":{"start":{"line":97,"column":0},"end":{"line":97,"column":15}},"97":{"start":{"line":98,"column":0},"end":{"line":98,"column":33}},"98":{"start":{"line":99,"column":0},"end":{"line":99,"column":18}},"99":{"start":{"line":100,"column":0},"end":{"line":100,"column":43}},"100":{"start":{"line":101,"column":0},"end":{"line":101,"column":4}},"101":{"start":{"line":102,"column":0},"end":{"line":102,"column":35}},"102":{"start":{"line":103,"column":0},"end":{"line":103,"column":68}},"103":{"start":{"line":104,"column":0},"end":{"line":104,"column":22}},"104":{"start":{"line":105,"column":0},"end":{"line":105,"column":0}},"105":{"start":{"line":106,"column":0},"end":{"line":106,"column":32}},"106":{"start":{"line":107,"column":0},"end":{"line":107,"column":5}},"107":{"start":{"line":108,"column":0},"end":{"line":108,"column":2}},"108":{"start":{"line":109,"column":0},"end":{"line":109,"column":0}},"109":{"start":{"line":110,"column":0},"end":{"line":110,"column":13}},"110":{"start":{"line":111,"column":0},"end":{"line":111,"column":33}},"111":{"start":{"line":112,"column":0},"end":{"line":112,"column":18}},"112":{"start":{"line":113,"column":0},"end":{"line":113,"column":43}},"113":{"start":{"line":114,"column":0},"end":{"line":114,"column":4}},"114":{"start":{"line":115,"column":0},"end":{"line":115,"column":35}},"115":{"start":{"line":116,"column":0},"end":{"line":116,"column":68}},"116":{"start":{"line":117,"column":0},"end":{"line":117,"column":22}},"117":{"start":{"line":118,"column":0},"end":{"line":118,"column":0}},"118":{"start":{"line":119,"column":0},"end":{"line":119,"column":30}},"119":{"start":{"line":120,"column":0},"end":{"line":120,"column":5}},"120":{"start":{"line":121,"column":0},"end":{"line":121,"column":2}},"121":{"start":{"line":122,"column":0},"end":{"line":122,"column":0}},"122":{"start":{"line":123,"column":0},"end":{"line":123,"column":48}},"123":{"start":{"line":124,"column":0},"end":{"line":124,"column":62}},"124":{"start":{"line":125,"column":0},"end":{"line":125,"column":2}},"125":{"start":{"line":126,"column":0},"end":{"line":126,"column":1}}},"s":{"0":1,"1":1,"2":1,"3":1,"4":1,"5":64,"6":64,"7":64,"8":64,"9":64,"10":1,"11":1,"12":16,"13":16,"14":16,"15":16,"16":8,"17":8,"18":8,"19":1,"20":1,"21":3,"22":3,"23":3,"24":3,"25":16,"26":16,"27":4,"28":16,"29":3,"30":3,"31":1,"32":1,"33":3,"34":3,"35":3,"36":3,"37":16,"38":16,"39":16,"40":16,"41":16,"42":16,"43":3,"44":3,"45":1,"46":1,"47":3,"48":3,"49":3,"50":3,"51":16,"52":16,"53":4,"54":16,"55":3,"56":3,"57":1,"58":1,"59":3,"60":3,"61":3,"62":3,"63":16,"64":16,"65":4,"66":16,"67":3,"68":3,"69":1,"70":1,"71":3,"72":3,"73":3,"74":3,"75":3,"76":3,"77":3,"78":2,"79":2,"80":3,"81":3,"82":1,"83":1,"84":3,"85":3,"86":3,"87":3,"88":3,"89":3,"90":3,"91":2,"92":2,"93":3,"94":3,"95":1,"96":1,"97":3,"98":3,"99":3,"100":3,"101":3,"102":3,"103":3,"104":2,"105":2,"106":3,"107":3,"108":1,"109":1,"110":3,"111":3,"112":3,"113":3,"114":3,"115":3,"116":3,"117":2,"118":2,"119":3,"120":3,"121":1,"122":1,"123":2,"124":2,"125":1},"branchMap":{"0":{"type":"branch","line":4,"loc":{"start":{"line":4,"column":0},"end":{"line":126,"column":1}},"locations":[{"start":{"line":4,"column":0},"end":{"line":126,"column":1}}]},"1":{"type":"branch","line":4,"loc":{"start":{"line":4,"column":0},"end":{"line":126,"column":1}},"locations":[{"start":{"line":4,"column":0},"end":{"line":126,"column":1}}]},"2":{"type":"branch","line":5,"loc":{"start":{"line":5,"column":1},"end":{"line":10,"column":2}},"locations":[{"start":{"line":5,"column":1},"end":{"line":10,"column":2}}]},"3":{"type":"branch","line":12,"loc":{"start":{"line":12,"column":1},"end":{"line":19,"column":2}},"locations":[{"start":{"line":12,"column":1},"end":{"line":19,"column":2}}]},"4":{"type":"branch","line":16,"loc":{"start":{"line":16,"column":25},"end":{"line":19,"column":2}},"locations":[{"start":{"line":16,"column":25},"end":{"line":19,"column":2}}]},"5":{"type":"branch","line":21,"loc":{"start":{"line":21,"column":1},"end":{"line":31,"column":2}},"locations":[{"start":{"line":21,"column":1},"end":{"line":31,"column":2}}]},"6":{"type":"branch","line":25,"loc":{"start":{"line":25,"column":22},"end":{"line":30,"column":3}},"locations":[{"start":{"line":25,"column":22},"end":{"line":30,"column":3}}]},"7":{"type":"branch","line":27,"loc":{"start":{"line":27,"column":62},"end":{"line":28,"column":37}},"locations":[{"start":{"line":27,"column":62},"end":{"line":28,"column":37}}]},"8":{"type":"branch","line":33,"loc":{"start":{"line":33,"column":1},"end":{"line":45,"column":2}},"locations":[{"start":{"line":33,"column":1},"end":{"line":45,"column":2}}]},"9":{"type":"branch","line":37,"loc":{"start":{"line":37,"column":22},"end":{"line":44,"column":3}},"locations":[{"start":{"line":37,"column":22},"end":{"line":44,"column":3}}]},"10":{"type":"branch","line":42,"loc":{"start":{"line":42,"column":5},"end":{"line":42,"column":42}},"locations":[{"start":{"line":42,"column":5},"end":{"line":42,"column":42}}]},"11":{"type":"branch","line":47,"loc":{"start":{"line":47,"column":1},"end":{"line":57,"column":2}},"locations":[{"start":{"line":47,"column":1},"end":{"line":57,"column":2}}]},"12":{"type":"branch","line":51,"loc":{"start":{"line":51,"column":22},"end":{"line":56,"column":3}},"locations":[{"start":{"line":51,"column":22},"end":{"line":56,"column":3}}]},"13":{"type":"branch","line":53,"loc":{"start":{"line":53,"column":64},"end":{"line":54,"column":37}},"locations":[{"start":{"line":53,"column":64},"end":{"line":54,"column":37}}]},"14":{"type":"branch","line":59,"loc":{"start":{"line":59,"column":1},"end":{"line":69,"column":2}},"locations":[{"start":{"line":59,"column":1},"end":{"line":69,"column":2}}]},"15":{"type":"branch","line":63,"loc":{"start":{"line":63,"column":22},"end":{"line":68,"column":3}},"locations":[{"start":{"line":63,"column":22},"end":{"line":68,"column":3}}]},"16":{"type":"branch","line":65,"loc":{"start":{"line":65,"column":62},"end":{"line":66,"column":37}},"locations":[{"start":{"line":65,"column":62},"end":{"line":66,"column":37}}]},"17":{"type":"branch","line":71,"loc":{"start":{"line":71,"column":1},"end":{"line":82,"column":2}},"locations":[{"start":{"line":71,"column":1},"end":{"line":82,"column":2}}]},"18":{"type":"branch","line":76,"loc":{"start":{"line":76,"column":23},"end":{"line":81,"column":3}},"locations":[{"start":{"line":76,"column":23},"end":{"line":81,"column":3}}]},"19":{"type":"branch","line":78,"loc":{"start":{"line":78,"column":15},"end":{"line":78,"column":22}},"locations":[{"start":{"line":78,"column":15},"end":{"line":78,"column":22}}]},"20":{"type":"branch","line":79,"loc":{"start":{"line":79,"column":-2},"end":{"line":81,"column":3}},"locations":[{"start":{"line":79,"column":-2},"end":{"line":81,"column":3}}]},"21":{"type":"branch","line":77,"loc":{"start":{"line":77,"column":35},"end":{"line":77,"column":51}},"locations":[{"start":{"line":77,"column":35},"end":{"line":77,"column":51}}]},"22":{"type":"branch","line":84,"loc":{"start":{"line":84,"column":1},"end":{"line":95,"column":2}},"locations":[{"start":{"line":84,"column":1},"end":{"line":95,"column":2}}]},"23":{"type":"branch","line":89,"loc":{"start":{"line":89,"column":23},"end":{"line":94,"column":3}},"locations":[{"start":{"line":89,"column":23},"end":{"line":94,"column":3}}]},"24":{"type":"branch","line":91,"loc":{"start":{"line":91,"column":15},"end":{"line":91,"column":22}},"locations":[{"start":{"line":91,"column":15},"end":{"line":91,"column":22}}]},"25":{"type":"branch","line":92,"loc":{"start":{"line":92,"column":-2},"end":{"line":94,"column":3}},"locations":[{"start":{"line":92,"column":-2},"end":{"line":94,"column":3}}]},"26":{"type":"branch","line":90,"loc":{"start":{"line":90,"column":35},"end":{"line":90,"column":51}},"locations":[{"start":{"line":90,"column":35},"end":{"line":90,"column":51}}]},"27":{"type":"branch","line":97,"loc":{"start":{"line":97,"column":1},"end":{"line":108,"column":2}},"locations":[{"start":{"line":97,"column":1},"end":{"line":108,"column":2}}]},"28":{"type":"branch","line":102,"loc":{"start":{"line":102,"column":23},"end":{"line":107,"column":3}},"locations":[{"start":{"line":102,"column":23},"end":{"line":107,"column":3}}]},"29":{"type":"branch","line":104,"loc":{"start":{"line":104,"column":15},"end":{"line":104,"column":22}},"locations":[{"start":{"line":104,"column":15},"end":{"line":104,"column":22}}]},"30":{"type":"branch","line":105,"loc":{"start":{"line":105,"column":-2},"end":{"line":107,"column":3}},"locations":[{"start":{"line":105,"column":-2},"end":{"line":107,"column":3}}]},"31":{"type":"branch","line":103,"loc":{"start":{"line":103,"column":35},"end":{"line":103,"column":51}},"locations":[{"start":{"line":103,"column":35},"end":{"line":103,"column":51}}]},"32":{"type":"branch","line":110,"loc":{"start":{"line":110,"column":1},"end":{"line":121,"column":2}},"locations":[{"start":{"line":110,"column":1},"end":{"line":121,"column":2}}]},"33":{"type":"branch","line":115,"loc":{"start":{"line":115,"column":23},"end":{"line":120,"column":3}},"locations":[{"start":{"line":115,"column":23},"end":{"line":120,"column":3}}]},"34":{"type":"branch","line":117,"loc":{"start":{"line":117,"column":15},"end":{"line":117,"column":22}},"locations":[{"start":{"line":117,"column":15},"end":{"line":117,"column":22}}]},"35":{"type":"branch","line":118,"loc":{"start":{"line":118,"column":-2},"end":{"line":120,"column":3}},"locations":[{"start":{"line":118,"column":-2},"end":{"line":120,"column":3}}]},"36":{"type":"branch","line":116,"loc":{"start":{"line":116,"column":35},"end":{"line":116,"column":51}},"locations":[{"start":{"line":116,"column":35},"end":{"line":116,"column":51}}]},"37":{"type":"branch","line":123,"loc":{"start":{"line":123,"column":1},"end":{"line":125,"column":2}},"locations":[{"start":{"line":123,"column":1},"end":{"line":125,"column":2}}]},"38":{"type":"branch","line":124,"loc":{"start":{"line":124,"column":27},"end":{"line":124,"column":43}},"locations":[{"start":{"line":124,"column":27},"end":{"line":124,"column":43}}]}},"b":{"0":[1],"1":[1],"2":[64],"3":[16],"4":[8],"5":[3],"6":[16],"7":[4],"8":[3],"9":[16],"10":[4],"11":[3],"12":[16],"13":[4],"14":[3],"15":[16],"16":[4],"17":[3],"18":[3],"19":[1],"20":[2],"21":[4],"22":[3],"23":[3],"24":[1],"25":[2],"26":[4],"27":[3],"28":[3],"29":[1],"30":[2],"31":[4],"32":[3],"33":[3],"34":[1],"35":[2],"36":[4],"37":[2],"38":[2]},"fnMap":{"0":{"name":"MealForm","decl":{"start":{"line":4,"column":0},"end":{"line":126,"column":1}},"loc":{"start":{"line":4,"column":0},"end":{"line":126,"column":1}},"line":4},"1":{"name":"Object.<anonymous>.MealForm.isMealType","decl":{"start":{"line":5,"column":1},"end":{"line":10,"column":2}},"loc":{"start":{"line":5,"column":1},"end":{"line":10,"column":2}},"line":5},"2":{"name":"Object.<anonymous>.MealForm.hasRequiredAge","decl":{"start":{"line":12,"column":1},"end":{"line":19,"column":2}},"loc":{"start":{"line":12,"column":1},"end":{"line":19,"column":2}},"line":12},"3":{"name":"Object.<anonymous>.MealForm.getSelectableEntries","decl":{"start":{"line":21,"column":1},"end":{"line":31,"column":2}},"loc":{"start":{"line":21,"column":1},"end":{"line":31,"column":2}},"line":21},"4":{"name":"Object.<anonymous>.MealForm.getSelectableMainCourses","decl":{"start":{"line":33,"column":1},"end":{"line":45,"column":2}},"loc":{"start":{"line":33,"column":1},"end":{"line":45,"column":2}},"line":33},"5":{"name":"Object.<anonymous>.MealForm.getSelectableDesserts","decl":{"start":{"line":47,"column":1},"end":{"line":57,"column":2}},"loc":{"start":{"line":47,"column":1},"end":{"line":57,"column":2}},"line":47},"6":{"name":"Object.<anonymous>.MealForm.getSelectableDrinks","decl":{"start":{"line":59,"column":1},"end":{"line":69,"column":2}},"loc":{"start":{"line":59,"column":1},"end":{"line":69,"column":2}},"line":59},"7":{"name":"Object.<anonymous>.MealForm.assignEntry","decl":{"start":{"line":71,"column":1},"end":{"line":82,"column":2}},"loc":{"start":{"line":71,"column":1},"end":{"line":82,"column":2}},"line":71},"8":{"name":"Object.<anonymous>.MealForm.assignMainCourse","decl":{"start":{"line":84,"column":1},"end":{"line":95,"column":2}},"loc":{"start":{"line":84,"column":1},"end":{"line":95,"column":2}},"line":84},"9":{"name":"Object.<anonymous>.MealForm.assignDessert","decl":{"start":{"line":97,"column":1},"end":{"line":108,"column":2}},"loc":{"start":{"line":97,"column":1},"end":{"line":108,"column":2}},"line":97},"10":{"name":"Object.<anonymous>.MealForm.assignDrink","decl":{"start":{"line":110,"column":1},"end":{"line":121,"column":2}},"loc":{"start":{"line":110,"column":1},"end":{"line":121,"column":2}},"line":110},"11":{"name":"Object.<anonymous>.MealForm.isSubmittable","decl":{"start":{"line":123,"column":1},"end":{"line":125,"column":2}},"loc":{"start":{"line":123,"column":1},"end":{"line":125,"column":2}},"line":123}},"f":{"0":1,"1":64,"2":16,"3":3,"4":3,"5":3,"6":3,"7":3,"8":3,"9":3,"10":3,"11":2}}
,"C:\\Users\\Admin\\Documents\\dev\\ancyr_academy\\ratatouille-starter\\src\\modules\\order\\core\\model\\ordering.domain-model.ts": {"path":"C:\\Users\\Admin\\Documents\\dev\\ancyr_academy\\ratatouille-starter\\src\\modules\\order\\core\\model\\ordering.domain-model.ts","all":false,"statementMap":{"0":{"start":{"line":1,"column":0},"end":{"line":1,"column":38}},"1":{"start":{"line":2,"column":0},"end":{"line":2,"column":19}},"2":{"start":{"line":3,"column":0},"end":{"line":3,"column":13}},"3":{"start":{"line":4,"column":0},"end":{"line":4,"column":12}},"4":{"start":{"line":5,"column":0},"end":{"line":5,"column":12}},"5":{"start":{"line":6,"column":0},"end":{"line":6,"column":14}},"6":{"start":{"line":7,"column":0},"end":{"line":7,"column":15}},"7":{"start":{"line":8,"column":0},"end":{"line":8,"column":2}},"8":{"start":{"line":9,"column":0},"end":{"line":9,"column":0}},"9":{"start":{"line":10,"column":0},"end":{"line":10,"column":23}},"10":{"start":{"line":11,"column":0},"end":{"line":11,"column":18}},"11":{"start":{"line":12,"column":0},"end":{"line":12,"column":30}},"12":{"start":{"line":13,"column":0},"end":{"line":13,"column":22}},"13":{"start":{"line":14,"column":0},"end":{"line":14,"column":18}},"14":{"start":{"line":15,"column":0},"end":{"line":15,"column":2}},"15":{"start":{"line":16,"column":0},"end":{"line":16,"column":0}},"16":{"start":{"line":17,"column":0},"end":{"line":17,"column":21}},"17":{"start":{"line":18,"column":0},"end":{"line":18,"column":18}},"18":{"start":{"line":19,"column":0},"end":{"line":19,"column":29}},"19":{"start":{"line":20,"column":0},"end":{"line":20,"column":25}},"20":{"start":{"line":21,"column":0},"end":{"line":21,"column":3}},"21":{"start":{"line":22,"column":0},"end":{"line":22,"column":0}},"22":{"start":{"line":23,"column":0},"end":{"line":23,"column":29}},"23":{"start":{"line":24,"column":0},"end":{"line":24,"column":0}},"24":{"start":{"line":25,"column":0},"end":{"line":25,"column":21}},"25":{"start":{"line":26,"column":0},"end":{"line":26,"column":13}},"26":{"start":{"line":27,"column":0},"end":{"line":27,"column":16}},"27":{"start":{"line":28,"column":0},"end":{"line":28,"column":15}},"28":{"start":{"line":29,"column":0},"end":{"line":29,"column":29}},"29":{"start":{"line":30,"column":0},"end":{"line":30,"column":3}},"30":{"start":{"line":31,"column":0},"end":{"line":31,"column":0}},"31":{"start":{"line":32,"column":0},"end":{"line":32,"column":22}},"32":{"start":{"line":33,"column":0},"end":{"line":33,"column":13}},"33":{"start":{"line":34,"column":0},"end":{"line":34,"column":20}},"34":{"start":{"line":35,"column":0},"end":{"line":35,"column":19}},"35":{"start":{"line":36,"column":0},"end":{"line":36,"column":14}},"36":{"start":{"line":37,"column":0},"end":{"line":37,"column":10}},"37":{"start":{"line":38,"column":0},"end":{"line":38,"column":24}},"38":{"start":{"line":39,"column":0},"end":{"line":39,"column":29}},"39":{"start":{"line":40,"column":0},"end":{"line":40,"column":26}},"40":{"start":{"line":41,"column":0},"end":{"line":41,"column":24}},"41":{"start":{"line":42,"column":0},"end":{"line":42,"column":4}},"42":{"start":{"line":43,"column":0},"end":{"line":43,"column":3}},"43":{"start":{"line":44,"column":0},"end":{"line":44,"column":0}},"44":{"start":{"line":45,"column":0},"end":{"line":45,"column":22}},"45":{"start":{"line":46,"column":0},"end":{"line":46,"column":13}},"46":{"start":{"line":47,"column":0},"end":{"line":47,"column":16}},"47":{"start":{"line":48,"column":0},"end":{"line":48,"column":19}},"48":{"start":{"line":49,"column":0},"end":{"line":49,"column":3}},"49":{"start":{"line":50,"column":0},"end":{"line":50,"column":0}},"50":{"start":{"line":51,"column":0},"end":{"line":51,"column":22}},"51":{"start":{"line":52,"column":0},"end":{"line":52,"column":33}},"52":{"start":{"line":53,"column":0},"end":{"line":53,"column":33}},"53":{"start":{"line":54,"column":0},"end":{"line":54,"column":0}},"54":{"start":{"line":55,"column":0},"end":{"line":55,"column":20}},"55":{"start":{"line":56,"column":0},"end":{"line":56,"column":52}},"56":{"start":{"line":57,"column":0},"end":{"line":57,"column":24}},"57":{"start":{"line":58,"column":0},"end":{"line":58,"column":37}},"58":{"start":{"line":59,"column":0},"end":{"line":59,"column":4}},"59":{"start":{"line":60,"column":0},"end":{"line":60,"column":19}},"60":{"start":{"line":61,"column":0},"end":{"line":61,"column":52}},"61":{"start":{"line":62,"column":0},"end":{"line":62,"column":24}},"62":{"start":{"line":63,"column":0},"end":{"line":63,"column":36}},"63":{"start":{"line":64,"column":0},"end":{"line":64,"column":4}},"64":{"start":{"line":65,"column":0},"end":{"line":65,"column":33}},"65":{"start":{"line":66,"column":0},"end":{"line":66,"column":3}},"66":{"start":{"line":67,"column":0},"end":{"line":67,"column":0}},"67":{"start":{"line":68,"column":0},"end":{"line":68,"column":32}},"68":{"start":{"line":69,"column":0},"end":{"line":69,"column":5}},"69":{"start":{"line":70,"column":0},"end":{"line":70,"column":19}},"70":{"start":{"line":71,"column":0},"end":{"line":71,"column":5}},"71":{"start":{"line":72,"column":0},"end":{"line":72,"column":25}},"72":{"start":{"line":73,"column":0},"end":{"line":73,"column":38}},"73":{"start":{"line":74,"column":0},"end":{"line":74,"column":26}},"74":{"start":{"line":75,"column":0},"end":{"line":75,"column":1}}},"s":{"0":9,"1":9,"2":9,"3":9,"4":9,"5":9,"6":9,"7":9,"8":9,"9":9,"10":9,"11":9,"12":9,"13":9,"14":9,"15":9,"16":9,"17":9,"18":9,"19":9,"20":9,"21":9,"22":9,"23":9,"24":9,"25":9,"26":9,"27":9,"28":9,"29":9,"30":9,"31":9,"32":9,"33":9,"34":9,"35":9,"36":9,"37":9,"38":9,"39":9,"40":9,"41":9,"42":9,"43":9,"44":9,"45":9,"46":9,"47":9,"48":9,"49":9,"50":9,"51":9,"52":9,"53":9,"54":9,"55":9,"56":9,"57":9,"58":9,"59":9,"60":9,"61":9,"62":9,"63":9,"64":9,"65":9,"66":9,"67":9,"68":9,"69":9,"70":9,"71":9,"72":9,"73":9,"74":9},"branchMap":{"0":{"type":"branch","line":1,"loc":{"start":{"line":1,"column":0},"end":{"line":75,"column":1}},"locations":[{"start":{"line":1,"column":0},"end":{"line":75,"column":1}}]},"1":{"type":"branch","line":2,"loc":{"start":{"line":2,"column":1},"end":{"line":8,"column":2}},"locations":[{"start":{"line":2,"column":1},"end":{"line":8,"column":2}}]},"2":{"type":"branch","line":10,"loc":{"start":{"line":10,"column":1},"end":{"line":15,"column":2}},"locations":[{"start":{"line":10,"column":1},"end":{"line":15,"column":2}}]}},"b":{"0":[9],"1":[9],"2":[9]},"fnMap":{},"f":{}}
,"C:\\Users\\Admin\\Documents\\dev\\ancyr_academy\\ratatouille-starter\\src\\modules\\order\\core\\store\\fetcher.listener.ts": {"path":"C:\\Users\\Admin\\Documents\\dev\\ancyr_academy\\ratatouille-starter\\src\\modules\\order\\core\\store\\fetcher.listener.ts","all":false,"statementMap":{"0":{"start":{"line":1,"column":0},"end":{"line":1,"column":62}},"1":{"start":{"line":2,"column":0},"end":{"line":2,"column":0}},"2":{"start":{"line":3,"column":0},"end":{"line":3,"column":98}},"3":{"start":{"line":4,"column":0},"end":{"line":4,"column":85}},"4":{"start":{"line":5,"column":0},"end":{"line":5,"column":90}},"5":{"start":{"line":6,"column":0},"end":{"line":6,"column":92}},"6":{"start":{"line":7,"column":0},"end":{"line":7,"column":0}},"7":{"start":{"line":8,"column":0},"end":{"line":8,"column":41}},"8":{"start":{"line":9,"column":0},"end":{"line":9,"column":37}},"9":{"start":{"line":10,"column":0},"end":{"line":10,"column":6}},"10":{"start":{"line":11,"column":0},"end":{"line":11,"column":26}},"11":{"start":{"line":12,"column":0},"end":{"line":12,"column":47}},"12":{"start":{"line":13,"column":0},"end":{"line":13,"column":28}},"13":{"start":{"line":14,"column":0},"end":{"line":14,"column":28}},"14":{"start":{"line":15,"column":0},"end":{"line":15,"column":42}},"15":{"start":{"line":16,"column":0},"end":{"line":16,"column":38}},"16":{"start":{"line":17,"column":0},"end":{"line":17,"column":11}},"17":{"start":{"line":18,"column":0},"end":{"line":18,"column":5}},"18":{"start":{"line":19,"column":0},"end":{"line":19,"column":42}},"19":{"start":{"line":20,"column":0},"end":{"line":20,"column":37}},"20":{"start":{"line":21,"column":0},"end":{"line":21,"column":11}},"21":{"start":{"line":22,"column":0},"end":{"line":22,"column":5}},"22":{"start":{"line":23,"column":0},"end":{"line":23,"column":12}},"23":{"start":{"line":24,"column":0},"end":{"line":24,"column":11}},"24":{"start":{"line":25,"column":0},"end":{"line":25,"column":4}},"25":{"start":{"line":26,"column":0},"end":{"line":26,"column":4}},"26":{"start":{"line":27,"column":0},"end":{"line":27,"column":4}},"27":{"start":{"line":28,"column":0},"end":{"line":28,"column":2}}},"s":{"0":1,"1":1,"2":1,"3":1,"4":1,"5":1,"6":1,"7":1,"8":24,"9":24,"10":24,"11":24,"12":24,"13":4,"14":4,"15":1,"16":1,"17":1,"18":4,"19":1,"20":1,"21":1,"22":4,"23":2,"24":4,"25":24,"26":24,"27":24},"branchMap":{"0":{"type":"branch","line":8,"loc":{"start":{"line":8,"column":40},"end":{"line":28,"column":2}},"locations":[{"start":{"line":8,"column":40},"end":{"line":28,"column":2}}]},"1":{"type":"branch","line":13,"loc":{"start":{"line":13,"column":10},"end":{"line":26,"column":3}},"locations":[{"start":{"line":13,"column":10},"end":{"line":26,"column":3}}]},"2":{"type":"branch","line":15,"loc":{"start":{"line":15,"column":4},"end":{"line":18,"column":5}},"locations":[{"start":{"line":15,"column":4},"end":{"line":18,"column":5}}]},"3":{"type":"branch","line":19,"loc":{"start":{"line":19,"column":4},"end":{"line":22,"column":5}},"locations":[{"start":{"line":19,"column":4},"end":{"line":22,"column":5}}]},"4":{"type":"branch","line":23,"loc":{"start":{"line":23,"column":4},"end":{"line":24,"column":11}},"locations":[{"start":{"line":23,"column":4},"end":{"line":24,"column":11}}]}},"b":{"0":[24],"1":[4],"2":[1],"3":[1],"4":[2]},"fnMap":{"0":{"name":"registerFetcherListeners","decl":{"start":{"line":8,"column":40},"end":{"line":28,"column":2}},"loc":{"start":{"line":8,"column":40},"end":{"line":28,"column":2}},"line":8},"1":{"name":"effect","decl":{"start":{"line":13,"column":10},"end":{"line":26,"column":3}},"loc":{"start":{"line":13,"column":10},"end":{"line":26,"column":3}},"line":13}},"f":{"0":24,"1":4}}
,"C:\\Users\\Admin\\Documents\\dev\\ancyr_academy\\ratatouille-starter\\src\\modules\\order\\core\\store\\ordering-step.listener.ts": {"path":"C:\\Users\\Admin\\Documents\\dev\\ancyr_academy\\ratatouille-starter\\src\\modules\\order\\core\\store\\ordering-step.listener.ts","all":false,"statementMap":{"0":{"start":{"line":1,"column":0},"end":{"line":1,"column":98}},"1":{"start":{"line":2,"column":0},"end":{"line":2,"column":85}},"2":{"start":{"line":3,"column":0},"end":{"line":3,"column":62}},"3":{"start":{"line":4,"column":0},"end":{"line":4,"column":0}},"4":{"start":{"line":5,"column":0},"end":{"line":5,"column":45}},"5":{"start":{"line":6,"column":0},"end":{"line":6,"column":37}},"6":{"start":{"line":7,"column":0},"end":{"line":7,"column":6}},"7":{"start":{"line":8,"column":0},"end":{"line":8,"column":26}},"8":{"start":{"line":9,"column":0},"end":{"line":9,"column":52}},"9":{"start":{"line":10,"column":0},"end":{"line":10,"column":23}},"10":{"start":{"line":11,"column":0},"end":{"line":11,"column":16}},"11":{"start":{"line":12,"column":0},"end":{"line":12,"column":65}},"12":{"start":{"line":13,"column":0},"end":{"line":13,"column":5}},"13":{"start":{"line":14,"column":0},"end":{"line":14,"column":4}},"14":{"start":{"line":15,"column":0},"end":{"line":15,"column":4}},"15":{"start":{"line":16,"column":0},"end":{"line":16,"column":0}},"16":{"start":{"line":17,"column":0},"end":{"line":17,"column":26}},"17":{"start":{"line":18,"column":0},"end":{"line":18,"column":51}},"18":{"start":{"line":19,"column":0},"end":{"line":19,"column":23}},"19":{"start":{"line":20,"column":0},"end":{"line":20,"column":16}},"20":{"start":{"line":21,"column":0},"end":{"line":21,"column":65}},"21":{"start":{"line":22,"column":0},"end":{"line":22,"column":5}},"22":{"start":{"line":23,"column":0},"end":{"line":23,"column":4}},"23":{"start":{"line":24,"column":0},"end":{"line":24,"column":4}},"24":{"start":{"line":25,"column":0},"end":{"line":25,"column":0}},"25":{"start":{"line":26,"column":0},"end":{"line":26,"column":26}},"26":{"start":{"line":27,"column":0},"end":{"line":27,"column":50}},"27":{"start":{"line":28,"column":0},"end":{"line":28,"column":23}},"28":{"start":{"line":29,"column":0},"end":{"line":29,"column":16}},"29":{"start":{"line":30,"column":0},"end":{"line":30,"column":67}},"30":{"start":{"line":31,"column":0},"end":{"line":31,"column":5}},"31":{"start":{"line":32,"column":0},"end":{"line":32,"column":4}},"32":{"start":{"line":33,"column":0},"end":{"line":33,"column":4}},"33":{"start":{"line":34,"column":0},"end":{"line":34,"column":0}},"34":{"start":{"line":35,"column":0},"end":{"line":35,"column":26}},"35":{"start":{"line":36,"column":0},"end":{"line":36,"column":64}},"36":{"start":{"line":37,"column":0},"end":{"line":37,"column":23}},"37":{"start":{"line":38,"column":0},"end":{"line":38,"column":16}},"38":{"start":{"line":39,"column":0},"end":{"line":39,"column":68}},"39":{"start":{"line":40,"column":0},"end":{"line":40,"column":5}},"40":{"start":{"line":41,"column":0},"end":{"line":41,"column":4}},"41":{"start":{"line":42,"column":0},"end":{"line":42,"column":4}},"42":{"start":{"line":43,"column":0},"end":{"line":43,"column":2}}},"s":{"0":1,"1":1,"2":1,"3":1,"4":1,"5":24,"6":24,"7":24,"8":24,"9":24,"10":1,"11":1,"12":1,"13":24,"14":24,"15":24,"16":24,"17":24,"18":24,"19":1,"20":1,"21":1,"22":24,"23":24,"24":24,"25":24,"26":24,"27":24,"28":1,"29":1,"30":1,"31":24,"32":24,"33":24,"34":24,"35":24,"36":24,"37":1,"38":1,"39":1,"40":24,"41":24,"42":24},"branchMap":{"0":{"type":"branch","line":5,"loc":{"start":{"line":5,"column":44},"end":{"line":43,"column":2}},"locations":[{"start":{"line":5,"column":44},"end":{"line":43,"column":2}}]},"1":{"type":"branch","line":10,"loc":{"start":{"line":10,"column":10},"end":{"line":14,"column":3}},"locations":[{"start":{"line":10,"column":10},"end":{"line":14,"column":3}}]},"2":{"type":"branch","line":19,"loc":{"start":{"line":19,"column":10},"end":{"line":23,"column":3}},"locations":[{"start":{"line":19,"column":10},"end":{"line":23,"column":3}}]},"3":{"type":"branch","line":28,"loc":{"start":{"line":28,"column":10},"end":{"line":32,"column":3}},"locations":[{"start":{"line":28,"column":10},"end":{"line":32,"column":3}}]},"4":{"type":"branch","line":37,"loc":{"start":{"line":37,"column":10},"end":{"line":41,"column":3}},"locations":[{"start":{"line":37,"column":10},"end":{"line":41,"column":3}}]}},"b":{"0":[24],"1":[1],"2":[1],"3":[1],"4":[1]},"fnMap":{"0":{"name":"registerOrderingStepListener","decl":{"start":{"line":5,"column":44},"end":{"line":43,"column":2}},"loc":{"start":{"line":5,"column":44},"end":{"line":43,"column":2}},"line":5},"1":{"name":"effect","decl":{"start":{"line":10,"column":10},"end":{"line":14,"column":3}},"loc":{"start":{"line":10,"column":10},"end":{"line":14,"column":3}},"line":10},"2":{"name":"effect","decl":{"start":{"line":19,"column":10},"end":{"line":23,"column":3}},"loc":{"start":{"line":19,"column":10},"end":{"line":23,"column":3}},"line":19},"3":{"name":"effect","decl":{"start":{"line":28,"column":10},"end":{"line":32,"column":3}},"loc":{"start":{"line":28,"column":10},"end":{"line":32,"column":3}},"line":28},"4":{"name":"effect","decl":{"start":{"line":37,"column":10},"end":{"line":41,"column":3}},"loc":{"start":{"line":37,"column":10},"end":{"line":41,"column":3}},"line":37}},"f":{"0":24,"1":1,"2":1,"3":1,"4":1}}
,"C:\\Users\\Admin\\Documents\\dev\\ancyr_academy\\ratatouille-starter\\src\\modules\\order\\core\\store\\ordering.slice.ts": {"path":"C:\\Users\\Admin\\Documents\\dev\\ancyr_academy\\ratatouille-starter\\src\\modules\\order\\core\\store\\ordering.slice.ts","all":false,"statementMap":{"0":{"start":{"line":1,"column":0},"end":{"line":1,"column":98}},"1":{"start":{"line":2,"column":0},"end":{"line":2,"column":62}},"2":{"start":{"line":3,"column":0},"end":{"line":3,"column":0}},"3":{"start":{"line":4,"column":0},"end":{"line":4,"column":56}},"4":{"start":{"line":5,"column":0},"end":{"line":5,"column":39}},"5":{"start":{"line":6,"column":0},"end":{"line":6,"column":56}},"6":{"start":{"line":7,"column":0},"end":{"line":7,"column":0}},"7":{"start":{"line":8,"column":0},"end":{"line":8,"column":60}},"8":{"start":{"line":9,"column":0},"end":{"line":9,"column":59}},"9":{"start":{"line":10,"column":0},"end":{"line":10,"column":33}},"10":{"start":{"line":11,"column":0},"end":{"line":11,"column":2}},"11":{"start":{"line":12,"column":0},"end":{"line":12,"column":0}},"12":{"start":{"line":13,"column":0},"end":{"line":13,"column":42}},"13":{"start":{"line":14,"column":0},"end":{"line":14,"column":18}},"14":{"start":{"line":15,"column":0},"end":{"line":15,"column":14}},"15":{"start":{"line":16,"column":0},"end":{"line":16,"column":12}},"16":{"start":{"line":17,"column":0},"end":{"line":17,"column":72}},"17":{"start":{"line":18,"column":0},"end":{"line":18,"column":31}},"18":{"start":{"line":19,"column":0},"end":{"line":19,"column":4}},"19":{"start":{"line":20,"column":0},"end":{"line":20,"column":35}},"20":{"start":{"line":21,"column":0},"end":{"line":21,"column":44}},"21":{"start":{"line":22,"column":0},"end":{"line":22,"column":38}},"22":{"start":{"line":23,"column":0},"end":{"line":23,"column":4}},"23":{"start":{"line":24,"column":0},"end":{"line":24,"column":64}},"24":{"start":{"line":25,"column":0},"end":{"line":25,"column":42}},"25":{"start":{"line":26,"column":0},"end":{"line":26,"column":48}},"26":{"start":{"line":27,"column":0},"end":{"line":27,"column":4}},"27":{"start":{"line":28,"column":0},"end":{"line":28,"column":16}},"28":{"start":{"line":29,"column":0},"end":{"line":29,"column":9}},"29":{"start":{"line":30,"column":0},"end":{"line":30,"column":53}},"30":{"start":{"line":31,"column":0},"end":{"line":31,"column":8}},"31":{"start":{"line":32,"column":0},"end":{"line":32,"column":47}},"32":{"start":{"line":33,"column":0},"end":{"line":33,"column":44}},"33":{"start":{"line":34,"column":0},"end":{"line":34,"column":4}},"34":{"start":{"line":35,"column":0},"end":{"line":35,"column":72}},"35":{"start":{"line":36,"column":0},"end":{"line":36,"column":31}},"36":{"start":{"line":37,"column":0},"end":{"line":37,"column":4}},"37":{"start":{"line":38,"column":0},"end":{"line":38,"column":53}},"38":{"start":{"line":39,"column":0},"end":{"line":39,"column":39}},"39":{"start":{"line":40,"column":0},"end":{"line":40,"column":4}},"40":{"start":{"line":41,"column":0},"end":{"line":41,"column":72}},"41":{"start":{"line":42,"column":0},"end":{"line":42,"column":46}},"42":{"start":{"line":43,"column":0},"end":{"line":43,"column":43}},"43":{"start":{"line":44,"column":0},"end":{"line":44,"column":4}},"44":{"start":{"line":45,"column":0},"end":{"line":45,"column":29}},"45":{"start":{"line":46,"column":0},"end":{"line":46,"column":43}},"46":{"start":{"line":47,"column":0},"end":{"line":47,"column":37}},"47":{"start":{"line":48,"column":0},"end":{"line":48,"column":4}},"48":{"start":{"line":49,"column":0},"end":{"line":49,"column":58}},"49":{"start":{"line":50,"column":0},"end":{"line":50,"column":41}},"50":{"start":{"line":51,"column":0},"end":{"line":51,"column":47}},"51":{"start":{"line":52,"column":0},"end":{"line":52,"column":4}},"52":{"start":{"line":53,"column":0},"end":{"line":53,"column":70}},"53":{"start":{"line":54,"column":0},"end":{"line":54,"column":31}},"54":{"start":{"line":55,"column":0},"end":{"line":55,"column":4}},"55":{"start":{"line":56,"column":0},"end":{"line":56,"column":35}},"56":{"start":{"line":57,"column":0},"end":{"line":57,"column":45}},"57":{"start":{"line":58,"column":0},"end":{"line":58,"column":4}},"58":{"start":{"line":59,"column":0},"end":{"line":59,"column":64}},"59":{"start":{"line":60,"column":0},"end":{"line":60,"column":66}},"60":{"start":{"line":61,"column":0},"end":{"line":61,"column":4}},"61":{"start":{"line":62,"column":0},"end":{"line":62,"column":35}},"62":{"start":{"line":63,"column":0},"end":{"line":63,"column":45}},"63":{"start":{"line":64,"column":0},"end":{"line":64,"column":4}},"64":{"start":{"line":65,"column":0},"end":{"line":65,"column":3}},"65":{"start":{"line":66,"column":0},"end":{"line":66,"column":3}},"66":{"start":{"line":67,"column":0},"end":{"line":67,"column":0}},"67":{"start":{"line":68,"column":0},"end":{"line":68,"column":53}},"68":{"start":{"line":69,"column":0},"end":{"line":69,"column":53}}},"s":{"0":1,"1":1,"2":1,"3":1,"4":1,"5":1,"6":1,"7":1,"8":1,"9":1,"10":1,"11":1,"12":1,"13":1,"14":1,"15":1,"16":1,"17":4,"18":1,"19":1,"20":3,"21":3,"22":1,"23":1,"24":1,"25":1,"26":1,"27":1,"28":2,"29":2,"30":2,"31":2,"32":2,"33":1,"34":1,"35":1,"36":1,"37":1,"38":1,"39":1,"40":1,"41":2,"42":2,"43":1,"44":1,"45":3,"46":3,"47":1,"48":1,"49":1,"50":1,"51":1,"52":1,"53":1,"54":1,"55":1,"56":2,"57":1,"58":1,"59":1,"60":1,"61":1,"62":1,"63":1,"64":1,"65":1,"66":1,"67":1,"68":1},"branchMap":{"0":{"type":"branch","line":17,"loc":{"start":{"line":17,"column":11},"end":{"line":19,"column":3}},"locations":[{"start":{"line":17,"column":11},"end":{"line":19,"column":3}}]},"1":{"type":"branch","line":20,"loc":{"start":{"line":20,"column":23},"end":{"line":23,"column":3}},"locations":[{"start":{"line":20,"column":23},"end":{"line":23,"column":3}}]},"2":{"type":"branch","line":24,"loc":{"start":{"line":24,"column":21},"end":{"line":27,"column":3}},"locations":[{"start":{"line":24,"column":21},"end":{"line":27,"column":3}}]},"3":{"type":"branch","line":28,"loc":{"start":{"line":28,"column":15},"end":{"line":34,"column":3}},"locations":[{"start":{"line":28,"column":15},"end":{"line":34,"column":3}}]},"4":{"type":"branch","line":35,"loc":{"start":{"line":35,"column":14},"end":{"line":37,"column":3}},"locations":[{"start":{"line":35,"column":14},"end":{"line":37,"column":3}}]},"5":{"type":"branch","line":38,"loc":{"start":{"line":38,"column":13},"end":{"line":40,"column":3}},"locations":[{"start":{"line":38,"column":13},"end":{"line":40,"column":3}}]},"6":{"type":"branch","line":41,"loc":{"start":{"line":41,"column":12},"end":{"line":44,"column":3}},"locations":[{"start":{"line":41,"column":12},"end":{"line":44,"column":3}}]},"7":{"type":"branch","line":45,"loc":{"start":{"line":45,"column":20},"end":{"line":48,"column":3}},"locations":[{"start":{"line":45,"column":20},"end":{"line":48,"column":3}}]},"8":{"type":"branch","line":49,"loc":{"start":{"line":49,"column":18},"end":{"line":52,"column":3}},"locations":[{"start":{"line":49,"column":18},"end":{"line":52,"column":3}}]},"9":{"type":"branch","line":53,"loc":{"start":{"line":53,"column":12},"end":{"line":55,"column":3}},"locations":[{"start":{"line":53,"column":12},"end":{"line":55,"column":3}}]},"10":{"type":"branch","line":56,"loc":{"start":{"line":56,"column":26},"end":{"line":58,"column":3}},"locations":[{"start":{"line":56,"column":26},"end":{"line":58,"column":3}}]},"11":{"type":"branch","line":59,"loc":{"start":{"line":59,"column":24},"end":{"line":61,"column":3}},"locations":[{"start":{"line":59,"column":24},"end":{"line":61,"column":3}}]},"12":{"type":"branch","line":62,"loc":{"start":{"line":62,"column":26},"end":{"line":64,"column":3}},"locations":[{"start":{"line":62,"column":26},"end":{"line":64,"column":3}}]}},"b":{"0":[4],"1":[3],"2":[1],"3":[2],"4":[1],"5":[1],"6":[2],"7":[3],"8":[1],"9":[1],"10":[2],"11":[1],"12":[1]},"fnMap":{"0":{"name":"setStep","decl":{"start":{"line":17,"column":11},"end":{"line":19,"column":3}},"loc":{"start":{"line":17,"column":11},"end":{"line":19,"column":3}},"line":17},"1":{"name":"handleTablesLoading","decl":{"start":{"line":20,"column":23},"end":{"line":23,"column":3}},"loc":{"start":{"line":20,"column":23},"end":{"line":23,"column":3}},"line":20},"2":{"name":"handleTablesError","decl":{"start":{"line":24,"column":21},"end":{"line":27,"column":3}},"loc":{"start":{"line":24,"column":21},"end":{"line":27,"column":3}},"line":24},"3":{"name":"storeTables","decl":{"start":{"line":28,"column":15},"end":{"line":34,"column":3}},"loc":{"start":{"line":28,"column":15},"end":{"line":34,"column":3}},"line":28},"4":{"name":"chooseGuests","decl":{"start":{"line":35,"column":14},"end":{"line":37,"column":3}},"loc":{"start":{"line":35,"column":14},"end":{"line":37,"column":3}},"line":35},"5":{"name":"chooseTable","decl":{"start":{"line":38,"column":13},"end":{"line":40,"column":3}},"loc":{"start":{"line":38,"column":13},"end":{"line":40,"column":3}},"line":38},"6":{"name":"storeMeals","decl":{"start":{"line":41,"column":12},"end":{"line":44,"column":3}},"loc":{"start":{"line":41,"column":12},"end":{"line":44,"column":3}},"line":41},"7":{"name":"handleMealsLoading","decl":{"start":{"line":45,"column":20},"end":{"line":48,"column":3}},"loc":{"start":{"line":45,"column":20},"end":{"line":48,"column":3}},"line":45},"8":{"name":"handleMealsError","decl":{"start":{"line":49,"column":18},"end":{"line":52,"column":3}},"loc":{"start":{"line":49,"column":18},"end":{"line":52,"column":3}},"line":49},"9":{"name":"chooseMeal","decl":{"start":{"line":53,"column":12},"end":{"line":55,"column":3}},"loc":{"start":{"line":53,"column":12},"end":{"line":55,"column":3}},"line":53},"10":{"name":"handleReservationLoading","decl":{"start":{"line":56,"column":26},"end":{"line":58,"column":3}},"loc":{"start":{"line":56,"column":26},"end":{"line":58,"column":3}},"line":56},"11":{"name":"handleReservationError","decl":{"start":{"line":59,"column":24},"end":{"line":61,"column":3}},"loc":{"start":{"line":59,"column":24},"end":{"line":61,"column":3}},"line":59},"12":{"name":"handleReservationSuccess","decl":{"start":{"line":62,"column":26},"end":{"line":64,"column":3}},"loc":{"start":{"line":62,"column":26},"end":{"line":64,"column":3}},"line":62}},"f":{"0":4,"1":3,"2":1,"3":2,"4":1,"5":1,"6":2,"7":3,"8":1,"9":1,"10":2,"11":1,"12":1}}
,"C:\\Users\\Admin\\Documents\\dev\\ancyr_academy\\ratatouille-starter\\src\\modules\\order\\core\\testing\\failing.meal-gateway.ts": {"path":"C:\\Users\\Admin\\Documents\\dev\\ancyr_academy\\ratatouille-starter\\src\\modules\\order\\core\\testing\\failing.meal-gateway.ts","all":false,"statementMap":{"0":{"start":{"line":1,"column":0},"end":{"line":1,"column":84}},"1":{"start":{"line":2,"column":0},"end":{"line":2,"column":98}},"2":{"start":{"line":3,"column":0},"end":{"line":3,"column":0}},"3":{"start":{"line":4,"column":0},"end":{"line":4,"column":57}},"4":{"start":{"line":5,"column":0},"end":{"line":5,"column":56}},"5":{"start":{"line":6,"column":0},"end":{"line":6,"column":42}},"6":{"start":{"line":7,"column":0},"end":{"line":7,"column":2}},"7":{"start":{"line":8,"column":0},"end":{"line":8,"column":1}}},"s":{"0":1,"1":1,"2":1,"3":1,"4":1,"5":1,"6":1,"7":1},"branchMap":{"0":{"type":"branch","line":4,"loc":{"start":{"line":4,"column":0},"end":{"line":8,"column":1}},"locations":[{"start":{"line":4,"column":0},"end":{"line":8,"column":1}}]},"1":{"type":"branch","line":4,"loc":{"start":{"line":4,"column":0},"end":{"line":8,"column":1}},"locations":[{"start":{"line":4,"column":0},"end":{"line":8,"column":1}}]},"2":{"type":"branch","line":5,"loc":{"start":{"line":5,"column":1},"end":{"line":7,"column":2}},"locations":[{"start":{"line":5,"column":1},"end":{"line":7,"column":2}}]}},"b":{"0":[1],"1":[1],"2":[1]},"fnMap":{"0":{"name":"FailingMealGateway","decl":{"start":{"line":4,"column":0},"end":{"line":8,"column":1}},"loc":{"start":{"line":4,"column":0},"end":{"line":8,"column":1}},"line":4},"1":{"name":"Object.<anonymous>.FailingMealGateway.getMeals","decl":{"start":{"line":5,"column":1},"end":{"line":7,"column":2}},"loc":{"start":{"line":5,"column":1},"end":{"line":7,"column":2}},"line":5}},"f":{"0":1,"1":1}}
,"C:\\Users\\Admin\\Documents\\dev\\ancyr_academy\\ratatouille-starter\\src\\modules\\order\\core\\testing\\failing.reservation-gateway.ts": {"path":"C:\\Users\\Admin\\Documents\\dev\\ancyr_academy\\ratatouille-starter\\src\\modules\\order\\core\\testing\\failing.reservation-gateway.ts","all":false,"statementMap":{"0":{"start":{"line":1,"column":0},"end":{"line":1,"column":98}},"1":{"start":{"line":2,"column":0},"end":{"line":2,"column":0}},"2":{"start":{"line":3,"column":0},"end":{"line":3,"column":71}},"3":{"start":{"line":4,"column":0},"end":{"line":4,"column":33}},"4":{"start":{"line":5,"column":0},"end":{"line":5,"column":40}},"5":{"start":{"line":6,"column":0},"end":{"line":6,"column":2}},"6":{"start":{"line":7,"column":0},"end":{"line":7,"column":1}}},"s":{"0":1,"1":1,"2":1,"3":1,"4":1,"5":1,"6":1},"branchMap":{"0":{"type":"branch","line":3,"loc":{"start":{"line":3,"column":0},"end":{"line":7,"column":1}},"locations":[{"start":{"line":3,"column":0},"end":{"line":7,"column":1}}]},"1":{"type":"branch","line":3,"loc":{"start":{"line":3,"column":0},"end":{"line":7,"column":1}},"locations":[{"start":{"line":3,"column":0},"end":{"line":7,"column":1}}]},"2":{"type":"branch","line":4,"loc":{"start":{"line":4,"column":1},"end":{"line":6,"column":2}},"locations":[{"start":{"line":4,"column":1},"end":{"line":6,"column":2}}]}},"b":{"0":[1],"1":[1],"2":[1]},"fnMap":{"0":{"name":"FailingReservationGateway","decl":{"start":{"line":3,"column":0},"end":{"line":7,"column":1}},"loc":{"start":{"line":3,"column":0},"end":{"line":7,"column":1}},"line":3},"1":{"name":"Object.<anonymous>.FailingReservationGateway.reserve","decl":{"start":{"line":4,"column":1},"end":{"line":6,"column":2}},"loc":{"start":{"line":4,"column":1},"end":{"line":6,"column":2}},"line":4}},"f":{"0":1,"1":1}}
,"C:\\Users\\Admin\\Documents\\dev\\ancyr_academy\\ratatouille-starter\\src\\modules\\order\\core\\testing\\failing.table-gateway.ts": {"path":"C:\\Users\\Admin\\Documents\\dev\\ancyr_academy\\ratatouille-starter\\src\\modules\\order\\core\\testing\\failing.table-gateway.ts","all":false,"statementMap":{"0":{"start":{"line":1,"column":0},"end":{"line":1,"column":86}},"1":{"start":{"line":2,"column":0},"end":{"line":2,"column":98}},"2":{"start":{"line":3,"column":0},"end":{"line":3,"column":0}},"3":{"start":{"line":4,"column":0},"end":{"line":4,"column":59}},"4":{"start":{"line":5,"column":0},"end":{"line":5,"column":58}},"5":{"start":{"line":6,"column":0},"end":{"line":6,"column":42}},"6":{"start":{"line":7,"column":0},"end":{"line":7,"column":2}},"7":{"start":{"line":8,"column":0},"end":{"line":8,"column":1}}},"s":{"0":1,"1":1,"2":1,"3":1,"4":1,"5":1,"6":1,"7":1},"branchMap":{"0":{"type":"branch","line":4,"loc":{"start":{"line":4,"column":0},"end":{"line":8,"column":1}},"locations":[{"start":{"line":4,"column":0},"end":{"line":8,"column":1}}]},"1":{"type":"branch","line":4,"loc":{"start":{"line":4,"column":0},"end":{"line":8,"column":1}},"locations":[{"start":{"line":4,"column":0},"end":{"line":8,"column":1}}]},"2":{"type":"branch","line":5,"loc":{"start":{"line":5,"column":1},"end":{"line":7,"column":2}},"locations":[{"start":{"line":5,"column":1},"end":{"line":7,"column":2}}]}},"b":{"0":[1],"1":[1],"2":[1]},"fnMap":{"0":{"name":"FailingTableGateway","decl":{"start":{"line":4,"column":0},"end":{"line":8,"column":1}},"loc":{"start":{"line":4,"column":0},"end":{"line":8,"column":1}},"line":4},"1":{"name":"Object.<anonymous>.FailingTableGateway.getTables","decl":{"start":{"line":5,"column":1},"end":{"line":7,"column":2}},"loc":{"start":{"line":5,"column":1},"end":{"line":7,"column":2}},"line":5}},"f":{"0":1,"1":1}}
,"C:\\Users\\Admin\\Documents\\dev\\ancyr_academy\\ratatouille-starter\\src\\modules\\order\\core\\testing\\mock.reservation-gateway.ts": {"path":"C:\\Users\\Admin\\Documents\\dev\\ancyr_academy\\ratatouille-starter\\src\\modules\\order\\core\\testing\\mock.reservation-gateway.ts","all":false,"statementMap":{"0":{"start":{"line":1,"column":0},"end":{"line":1,"column":98}},"1":{"start":{"line":2,"column":0},"end":{"line":2,"column":81}},"2":{"start":{"line":3,"column":0},"end":{"line":3,"column":0}},"3":{"start":{"line":4,"column":0},"end":{"line":4,"column":68}},"4":{"start":{"line":5,"column":0},"end":{"line":5,"column":51}},"5":{"start":{"line":6,"column":0},"end":{"line":6,"column":0}},"6":{"start":{"line":7,"column":0},"end":{"line":7,"column":49}},"7":{"start":{"line":8,"column":0},"end":{"line":8,"column":30}},"8":{"start":{"line":9,"column":0},"end":{"line":9,"column":2}},"9":{"start":{"line":10,"column":0},"end":{"line":10,"column":0}},"10":{"start":{"line":11,"column":0},"end":{"line":11,"column":47}},"11":{"start":{"line":12,"column":0},"end":{"line":12,"column":45}},"12":{"start":{"line":13,"column":0},"end":{"line":13,"column":2}},"13":{"start":{"line":14,"column":0},"end":{"line":14,"column":1}}},"s":{"0":1,"1":1,"2":1,"3":25,"4":25,"5":25,"6":25,"7":1,"8":1,"9":25,"10":25,"11":1,"12":1,"13":25},"branchMap":{"0":{"type":"branch","line":4,"loc":{"start":{"line":4,"column":0},"end":{"line":14,"column":1}},"locations":[{"start":{"line":4,"column":0},"end":{"line":14,"column":1}}]},"1":{"type":"branch","line":4,"loc":{"start":{"line":4,"column":0},"end":{"line":14,"column":1}},"locations":[{"start":{"line":4,"column":0},"end":{"line":14,"column":1}}]},"2":{"type":"branch","line":7,"loc":{"start":{"line":7,"column":1},"end":{"line":9,"column":2}},"locations":[{"start":{"line":7,"column":1},"end":{"line":9,"column":2}}]},"3":{"type":"branch","line":11,"loc":{"start":{"line":11,"column":1},"end":{"line":13,"column":2}},"locations":[{"start":{"line":11,"column":1},"end":{"line":13,"column":2}}]}},"b":{"0":[8],"1":[25],"2":[1],"3":[1]},"fnMap":{"0":{"name":"MockReservationGateway","decl":{"start":{"line":4,"column":0},"end":{"line":14,"column":1}},"loc":{"start":{"line":4,"column":0},"end":{"line":14,"column":1}},"line":4},"1":{"name":"Object.<anonymous>.MockReservationGateway.reserve","decl":{"start":{"line":7,"column":1},"end":{"line":9,"column":2}},"loc":{"start":{"line":7,"column":1},"end":{"line":9,"column":2}},"line":7},"2":{"name":"Object.<anonymous>.MockReservationGateway.expectReserveWasCalledWith","decl":{"start":{"line":11,"column":1},"end":{"line":13,"column":2}},"loc":{"start":{"line":11,"column":1},"end":{"line":13,"column":2}},"line":11}},"f":{"0":25,"1":1,"2":1}}
,"C:\\Users\\Admin\\Documents\\dev\\ancyr_academy\\ratatouille-starter\\src\\modules\\order\\core\\testing\\stub.meal-gateway.ts": {"path":"C:\\Users\\Admin\\Documents\\dev\\ancyr_academy\\ratatouille-starter\\src\\modules\\order\\core\\testing\\stub.meal-gateway.ts","all":false,"statementMap":{"0":{"start":{"line":1,"column":0},"end":{"line":1,"column":84}},"1":{"start":{"line":2,"column":0},"end":{"line":2,"column":98}},"2":{"start":{"line":3,"column":0},"end":{"line":3,"column":0}},"3":{"start":{"line":4,"column":0},"end":{"line":4,"column":54}},"4":{"start":{"line":5,"column":0},"end":{"line":5,"column":62}},"5":{"start":{"line":6,"column":0},"end":{"line":6,"column":0}},"6":{"start":{"line":7,"column":0},"end":{"line":7,"column":56}},"7":{"start":{"line":8,"column":0},"end":{"line":8,"column":19}},"8":{"start":{"line":9,"column":0},"end":{"line":9,"column":2}},"9":{"start":{"line":10,"column":0},"end":{"line":10,"column":1}}},"s":{"0":1,"1":1,"2":1,"3":8,"4":8,"5":8,"6":8,"7":2,"8":2,"9":8},"branchMap":{"0":{"type":"branch","line":4,"loc":{"start":{"line":4,"column":0},"end":{"line":10,"column":1}},"locations":[{"start":{"line":4,"column":0},"end":{"line":10,"column":1}}]},"1":{"type":"branch","line":5,"loc":{"start":{"line":5,"column":1},"end":{"line":5,"column":62}},"locations":[{"start":{"line":5,"column":1},"end":{"line":5,"column":62}}]},"2":{"type":"branch","line":5,"loc":{"start":{"line":5,"column":21},"end":{"line":5,"column":61}},"locations":[{"start":{"line":5,"column":21},"end":{"line":5,"column":61}}]},"3":{"type":"branch","line":7,"loc":{"start":{"line":7,"column":1},"end":{"line":9,"column":2}},"locations":[{"start":{"line":7,"column":1},"end":{"line":9,"column":2}}]}},"b":{"0":[8],"1":[25],"2":[24],"3":[2]},"fnMap":{"0":{"name":"StubMealGateway","decl":{"start":{"line":5,"column":1},"end":{"line":5,"column":62}},"loc":{"start":{"line":5,"column":1},"end":{"line":5,"column":62}},"line":5},"1":{"name":"Object.<anonymous>.StubMealGateway.getMeals","decl":{"start":{"line":7,"column":1},"end":{"line":9,"column":2}},"loc":{"start":{"line":7,"column":1},"end":{"line":9,"column":2}},"line":7}},"f":{"0":25,"1":2}}
,"C:\\Users\\Admin\\Documents\\dev\\ancyr_academy\\ratatouille-starter\\src\\modules\\order\\core\\testing\\stub.table-gateway.ts": {"path":"C:\\Users\\Admin\\Documents\\dev\\ancyr_academy\\ratatouille-starter\\src\\modules\\order\\core\\testing\\stub.table-gateway.ts","all":false,"statementMap":{"0":{"start":{"line":1,"column":0},"end":{"line":1,"column":86}},"1":{"start":{"line":2,"column":0},"end":{"line":2,"column":98}},"2":{"start":{"line":3,"column":0},"end":{"line":3,"column":0}},"3":{"start":{"line":4,"column":0},"end":{"line":4,"column":56}},"4":{"start":{"line":5,"column":0},"end":{"line":5,"column":63}},"5":{"start":{"line":6,"column":0},"end":{"line":6,"column":0}},"6":{"start":{"line":7,"column":0},"end":{"line":7,"column":58}},"7":{"start":{"line":8,"column":0},"end":{"line":8,"column":19}},"8":{"start":{"line":9,"column":0},"end":{"line":9,"column":2}},"9":{"start":{"line":10,"column":0},"end":{"line":10,"column":1}}},"s":{"0":1,"1":1,"2":1,"3":8,"4":8,"5":8,"6":8,"7":2,"8":2,"9":8},"branchMap":{"0":{"type":"branch","line":4,"loc":{"start":{"line":4,"column":0},"end":{"line":10,"column":1}},"locations":[{"start":{"line":4,"column":0},"end":{"line":10,"column":1}}]},"1":{"type":"branch","line":5,"loc":{"start":{"line":5,"column":1},"end":{"line":5,"column":63}},"locations":[{"start":{"line":5,"column":1},"end":{"line":5,"column":63}}]},"2":{"type":"branch","line":5,"loc":{"start":{"line":5,"column":21},"end":{"line":5,"column":62}},"locations":[{"start":{"line":5,"column":21},"end":{"line":5,"column":62}}]},"3":{"type":"branch","line":7,"loc":{"start":{"line":7,"column":1},"end":{"line":9,"column":2}},"locations":[{"start":{"line":7,"column":1},"end":{"line":9,"column":2}}]}},"b":{"0":[8],"1":[25],"2":[24],"3":[2]},"fnMap":{"0":{"name":"StubTableGateway","decl":{"start":{"line":5,"column":1},"end":{"line":5,"column":63}},"loc":{"start":{"line":5,"column":1},"end":{"line":5,"column":63}},"line":5},"1":{"name":"Object.<anonymous>.StubTableGateway.getTables","decl":{"start":{"line":7,"column":1},"end":{"line":9,"column":2}},"loc":{"start":{"line":7,"column":1},"end":{"line":9,"column":2}},"line":7}},"f":{"0":25,"1":2}}
,"C:\\Users\\Admin\\Documents\\dev\\ancyr_academy\\ratatouille-starter\\src\\modules\\order\\core\\usecases\\choose-guests.usecase.ts": {"path":"C:\\Users\\Admin\\Documents\\dev\\ancyr_academy\\ratatouille-starter\\src\\modules\\order\\core\\usecases\\choose-guests.usecase.ts","all":false,"statementMap":{"0":{"start":{"line":1,"column":0},"end":{"line":1,"column":87}},"1":{"start":{"line":2,"column":0},"end":{"line":2,"column":98}},"2":{"start":{"line":3,"column":0},"end":{"line":3,"column":76}},"3":{"start":{"line":4,"column":0},"end":{"line":4,"column":0}},"4":{"start":{"line":5,"column":0},"end":{"line":5,"column":27}},"5":{"start":{"line":6,"column":0},"end":{"line":6,"column":36}},"6":{"start":{"line":7,"column":0},"end":{"line":7,"column":58}},"7":{"start":{"line":8,"column":0},"end":{"line":8,"column":47}},"8":{"start":{"line":9,"column":0},"end":{"line":9,"column":3}}},"s":{"0":1,"1":1,"2":1,"3":1,"4":1,"5":1,"6":1,"7":1,"8":1},"branchMap":{"0":{"type":"branch","line":6,"loc":{"start":{"line":6,"column":1},"end":{"line":9,"column":3}},"locations":[{"start":{"line":6,"column":1},"end":{"line":9,"column":3}}]},"1":{"type":"branch","line":7,"loc":{"start":{"line":7,"column":1},"end":{"line":9,"column":3}},"locations":[{"start":{"line":7,"column":1},"end":{"line":9,"column":3}}]},"2":{"type":"branch","line":7,"loc":{"start":{"line":7,"column":52},"end":{"line":9,"column":3}},"locations":[{"start":{"line":7,"column":52},"end":{"line":9,"column":3}}]}},"b":{"0":[1],"1":[1],"2":[1]},"fnMap":{"0":{"name":"chooseGuests","decl":{"start":{"line":6,"column":1},"end":{"line":9,"column":3}},"loc":{"start":{"line":6,"column":1},"end":{"line":9,"column":3}},"line":6}},"f":{"0":1}}
,"C:\\Users\\Admin\\Documents\\dev\\ancyr_academy\\ratatouille-starter\\src\\modules\\order\\core\\usecases\\choose-meal.usecase.ts": {"path":"C:\\Users\\Admin\\Documents\\dev\\ancyr_academy\\ratatouille-starter\\src\\modules\\order\\core\\usecases\\choose-meal.usecase.ts","all":false,"statementMap":{"0":{"start":{"line":1,"column":0},"end":{"line":1,"column":98}},"1":{"start":{"line":2,"column":0},"end":{"line":2,"column":85}},"2":{"start":{"line":3,"column":0},"end":{"line":3,"column":63}},"3":{"start":{"line":4,"column":0},"end":{"line":4,"column":0}},"4":{"start":{"line":5,"column":0},"end":{"line":5,"column":25}},"5":{"start":{"line":6,"column":0},"end":{"line":6,"column":65}},"6":{"start":{"line":7,"column":0},"end":{"line":7,"column":51}},"7":{"start":{"line":8,"column":0},"end":{"line":8,"column":3}}},"s":{"0":1,"1":1,"2":1,"3":1,"4":1,"5":1,"6":1,"7":1},"branchMap":{"0":{"type":"branch","line":6,"loc":{"start":{"line":6,"column":1},"end":{"line":8,"column":2}},"locations":[{"start":{"line":6,"column":1},"end":{"line":8,"column":2}}]},"1":{"type":"branch","line":6,"loc":{"start":{"line":6,"column":37},"end":{"line":8,"column":3}},"locations":[{"start":{"line":6,"column":37},"end":{"line":8,"column":3}}]}},"b":{"0":[1],"1":[1]},"fnMap":{"0":{"name":"chooseMeal","decl":{"start":{"line":6,"column":1},"end":{"line":8,"column":2}},"loc":{"start":{"line":6,"column":1},"end":{"line":8,"column":2}},"line":6}},"f":{"0":1}}
,"C:\\Users\\Admin\\Documents\\dev\\ancyr_academy\\ratatouille-starter\\src\\modules\\order\\core\\usecases\\choose-table.usecase.ts": {"path":"C:\\Users\\Admin\\Documents\\dev\\ancyr_academy\\ratatouille-starter\\src\\modules\\order\\core\\usecases\\choose-table.usecase.ts","all":false,"statementMap":{"0":{"start":{"line":1,"column":0},"end":{"line":1,"column":87}},"1":{"start":{"line":2,"column":0},"end":{"line":2,"column":76}},"2":{"start":{"line":3,"column":0},"end":{"line":3,"column":0}},"3":{"start":{"line":4,"column":0},"end":{"line":4,"column":26}},"4":{"start":{"line":5,"column":0},"end":{"line":5,"column":21}},"5":{"start":{"line":6,"column":0},"end":{"line":6,"column":58}},"6":{"start":{"line":7,"column":0},"end":{"line":7,"column":49}},"7":{"start":{"line":8,"column":0},"end":{"line":8,"column":3}}},"s":{"0":1,"1":1,"2":1,"3":1,"4":1,"5":1,"6":1,"7":1},"branchMap":{"0":{"type":"branch","line":5,"loc":{"start":{"line":5,"column":1},"end":{"line":8,"column":3}},"locations":[{"start":{"line":5,"column":1},"end":{"line":8,"column":3}}]},"1":{"type":"branch","line":6,"loc":{"start":{"line":6,"column":1},"end":{"line":8,"column":3}},"locations":[{"start":{"line":6,"column":1},"end":{"line":8,"column":3}}]},"2":{"type":"branch","line":6,"loc":{"start":{"line":6,"column":52},"end":{"line":8,"column":3}},"locations":[{"start":{"line":6,"column":52},"end":{"line":8,"column":3}}]}},"b":{"0":[1],"1":[1],"2":[1]},"fnMap":{"0":{"name":"chooseTable","decl":{"start":{"line":5,"column":1},"end":{"line":8,"column":3}},"loc":{"start":{"line":5,"column":1},"end":{"line":8,"column":3}},"line":5}},"f":{"0":1}}
,"C:\\Users\\Admin\\Documents\\dev\\ancyr_academy\\ratatouille-starter\\src\\modules\\order\\core\\usecases\\fetch-meals.usecase.ts": {"path":"C:\\Users\\Admin\\Documents\\dev\\ancyr_academy\\ratatouille-starter\\src\\modules\\order\\core\\usecases\\fetch-meals.usecase.ts","all":false,"statementMap":{"0":{"start":{"line":1,"column":0},"end":{"line":1,"column":85}},"1":{"start":{"line":2,"column":0},"end":{"line":2,"column":79}},"2":{"start":{"line":3,"column":0},"end":{"line":3,"column":71}},"3":{"start":{"line":4,"column":0},"end":{"line":4,"column":76}},"4":{"start":{"line":5,"column":0},"end":{"line":5,"column":0}},"5":{"start":{"line":6,"column":0},"end":{"line":6,"column":33}},"6":{"start":{"line":7,"column":0},"end":{"line":7,"column":23}},"7":{"start":{"line":8,"column":0},"end":{"line":8,"column":16}},"8":{"start":{"line":9,"column":0},"end":{"line":9,"column":27}},"9":{"start":{"line":10,"column":0},"end":{"line":10,"column":6}},"10":{"start":{"line":11,"column":0},"end":{"line":11,"column":54}},"11":{"start":{"line":12,"column":0},"end":{"line":12,"column":0}},"12":{"start":{"line":13,"column":0},"end":{"line":13,"column":6}},"13":{"start":{"line":14,"column":0},"end":{"line":14,"column":58}},"14":{"start":{"line":15,"column":0},"end":{"line":15,"column":52}},"15":{"start":{"line":16,"column":0},"end":{"line":16,"column":18}},"16":{"start":{"line":17,"column":0},"end":{"line":17,"column":11}},"17":{"start":{"line":18,"column":0},"end":{"line":18,"column":69}},"18":{"start":{"line":19,"column":0},"end":{"line":19,"column":4}},"19":{"start":{"line":20,"column":0},"end":{"line":20,"column":2}},"20":{"start":{"line":21,"column":0},"end":{"line":21,"column":2}}},"s":{"0":1,"1":1,"2":1,"3":1,"4":1,"5":1,"6":3,"7":3,"8":3,"9":3,"10":3,"11":3,"12":3,"13":3,"14":3,"15":3,"16":3,"17":3,"18":3,"19":3,"20":3},"branchMap":{"0":{"type":"branch","line":6,"loc":{"start":{"line":6,"column":26},"end":{"line":21,"column":2}},"locations":[{"start":{"line":6,"column":26},"end":{"line":21,"column":2}}]},"1":{"type":"branch","line":10,"loc":{"start":{"line":10,"column":-2},"end":{"line":21,"column":2}},"locations":[{"start":{"line":10,"column":-2},"end":{"line":21,"column":2}}]}},"b":{"0":[3],"1":[3]},"fnMap":{"0":{"name":"fetchMeals","decl":{"start":{"line":6,"column":26},"end":{"line":21,"column":2}},"loc":{"start":{"line":6,"column":26},"end":{"line":21,"column":2}},"line":6}},"f":{"0":3}}
[...]
,"C:\\Users\\Admin\\Documents\\dev\\ancyr_academy\\ratatouille-starter\\src\\modules\\order\\core\\usecases\\reserve.usecase.ts": {"path":"C:\\Users\\Admin\\Documents\\dev\\ancyr_academy\\ratatouille-starter\\src\\modules\\order\\core\\usecases\\reserve.usecase.ts","all":false,"statementMap":{"0":{"start":{"line":1,"column":0},"end":{"line":1,"column":85}},"1":{"start":{"line":2,"column":0},"end":{"line":2,"column":79}},"2":{"start":{"line":3,"column":0},"end":{"line":3,"column":71}},"3":{"start":{"line":4,"column":0},"end":{"line":4,"column":76}},"4":{"start":{"line":5,"column":0},"end":{"line":5,"column":0}},"5":{"start":{"line":6,"column":0},"end":{"line":6,"column":22}},"6":{"start":{"line":7,"column":0},"end":{"line":7,"column":6}},"7":{"start":{"line":8,"column":0},"end":{"line":8,"column":8}},"8":{"start":{"line":9,"column":0},"end":{"line":9,"column":24}},"9":{"start":{"line":10,"column":0},"end":{"line":10,"column":24}},"10":{"start":{"line":11,"column":0},"end":{"line":11,"column":38}},"11":{"start":{"line":12,"column":0},"end":{"line":12,"column":7}},"12":{"start":{"line":13,"column":0},"end":{"line":13,"column":40}},"13":{"start":{"line":14,"column":0},"end":{"line":14,"column":0}},"14":{"start":{"line":15,"column":0},"end":{"line":15,"column":61}},"15":{"start":{"line":16,"column":0},"end":{"line":16,"column":0}},"16":{"start":{"line":17,"column":0},"end":{"line":17,"column":7}},"17":{"start":{"line":18,"column":0},"end":{"line":18,"column":37}},"18":{"start":{"line":19,"column":0},"end":{"line":19,"column":27}},"19":{"start":{"line":20,"column":0},"end":{"line":20,"column":28}},"20":{"start":{"line":21,"column":0},"end":{"line":21,"column":52}},"21":{"start":{"line":22,"column":0},"end":{"line":22,"column":16}},"22":{"start":{"line":23,"column":0},"end":{"line":23,"column":15}},"23":{"start":{"line":24,"column":0},"end":{"line":24,"column":10}},"24":{"start":{"line":25,"column":0},"end":{"line":25,"column":43}},"25":{"start":{"line":26,"column":0},"end":{"line":26,"column":14}},"26":{"start":{"line":27,"column":0},"end":{"line":27,"column":26}},"27":{"start":{"line":28,"column":0},"end":{"line":28,"column":36}},"28":{"start":{"line":29,"column":0},"end":{"line":29,"column":30}},"29":{"start":{"line":30,"column":0},"end":{"line":30,"column":26}},"30":{"start":{"line":31,"column":0},"end":{"line":31,"column":8}},"31":{"start":{"line":32,"column":0},"end":{"line":32,"column":7}},"32":{"start":{"line":33,"column":0},"end":{"line":33,"column":6}},"33":{"start":{"line":34,"column":0},"end":{"line":34,"column":6}},"34":{"start":{"line":35,"column":0},"end":{"line":35,"column":62}},"35":{"start":{"line":36,"column":0},"end":{"line":36,"column":19}},"36":{"start":{"line":37,"column":0},"end":{"line":37,"column":12}},"37":{"start":{"line":38,"column":0},"end":{"line":38,"column":49}},"38":{"start":{"line":39,"column":0},"end":{"line":39,"column":31}},"39":{"start":{"line":40,"column":0},"end":{"line":40,"column":5}},"40":{"start":{"line":41,"column":0},"end":{"line":41,"column":5}},"41":{"start":{"line":42,"column":0},"end":{"line":42,"column":3}},"42":{"start":{"line":43,"column":0},"end":{"line":43,"column":3}}},"s":{"0":1,"1":1,"2":1,"3":1,"4":1,"5":1,"6":1,"7":2,"8":2,"9":2,"10":2,"11":2,"12":2,"13":2,"14":2,"15":2,"16":2,"17":2,"18":2,"19":2,"20":2,"21":2,"22":2,"23":2,"24":2,"25":2,"26":2,"27":2,"28":2,"29":2,"30":2,"31":2,"32":2,"33":2,"34":2,"35":2,"36":2,"37":2,"38":2,"39":2,"40":2,"41":2,"42":2},"branchMap":{"0":{"type":"branch","line":7,"loc":{"start":{"line":7,"column":1},"end":{"line":43,"column":3}},"locations":[{"start":{"line":7,"column":1},"end":{"line":43,"column":3}}]},"1":{"type":"branch","line":8,"loc":{"start":{"line":8,"column":1},"end":{"line":43,"column":3}},"locations":[{"start":{"line":8,"column":1},"end":{"line":43,"column":3}}]},"2":{"type":"branch","line":21,"loc":{"start":{"line":21,"column":5},"end":{"line":21,"column":51}},"locations":[{"start":{"line":21,"column":5},"end":{"line":21,"column":51}}]}},"b":{"0":[2],"1":[2],"2":[2]},"fnMap":{"0":{"name":"reserve","decl":{"start":{"line":7,"column":1},"end":{"line":43,"column":3}},"loc":{"start":{"line":7,"column":1},"end":{"line":43,"column":3}},"line":7}},"f":{"0":2}}
,"C:\\Users\\Admin\\Documents\\dev\\ancyr_academy\\ratatouille-starter\\src\\modules\\order\\react\\pages\\order\\step.selector.ts": {"path":"C:\\Users\\Admin\\Documents\\dev\\ancyr_academy\\ratatouille-starter\\src\\modules\\order\\react\\pages\\order\\step.selector.ts","all":false,"statementMap":{"0":{"start":{"line":1,"column":0},"end":{"line":1,"column":60}},"1":{"start":{"line":2,"column":0},"end":{"line":2,"column":0}},"2":{"start":{"line":3,"column":0},"end":{"line":3,"column":67}}},"s":{"0":1,"1":1,"2":1},"branchMap":{"0":{"type":"branch","line":3,"loc":{"start":{"line":3,"column":26},"end":{"line":3,"column":52}},"locations":[{"start":{"line":3,"column":26},"end":{"line":3,"column":52}}]}},"b":{"0":[1]},"fnMap":{"0":{"name":"selectStep","decl":{"start":{"line":3,"column":26},"end":{"line":3,"column":52}},"loc":{"start":{"line":3,"column":26},"end":{"line":3,"column":52}},"line":3}},"f":{"0":1}}
,"C:\\Users\\Admin\\Documents\\dev\\ancyr_academy\\ratatouille-starter\\src\\modules\\order\\react\\sections\\guest\\form.selector.ts": {"path":"C:\\Users\\Admin\\Documents\\dev\\ancyr_academy\\ratatouille-starter\\src\\modules\\order\\react\\sections\\guest\\form.selector.ts","all":false,"statementMap":{"0":{"start":{"line":1,"column":0},"end":{"line":1,"column":60}},"1":{"start":{"line":2,"column":0},"end":{"line":2,"column":0}},"2":{"start":{"line":3,"column":0},"end":{"line":3,"column":67}}},"s":{"0":1,"1":1,"2":1},"branchMap":{"0":{"type":"branch","line":3,"loc":{"start":{"line":3,"column":26},"end":{"line":3,"column":52}},"locations":[{"start":{"line":3,"column":26},"end":{"line":3,"column":52}}]}},"b":{"0":[1]},"fnMap":{"0":{"name":"selectForm","decl":{"start":{"line":3,"column":26},"end":{"line":3,"column":52}},"loc":{"start":{"line":3,"column":26},"end":{"line":3,"column":52}},"line":3}},"f":{"0":1}}
,"C:\\Users\\Admin\\Documents\\dev\\ancyr_academy\\ratatouille-starter\\src\\modules\\shared\\errors.utils.ts": {"path":"C:\\Users\\Admin\\Documents\\dev\\ancyr_academy\\ratatouille-starter\\src\\modules\\shared\\errors.utils.ts","all":false,"statementMap":{"0":{"start":{"line":1,"column":0},"end":{"line":1,"column":60}},"1":{"start":{"line":2,"column":0},"end":{"line":2,"column":26}},"2":{"start":{"line":3,"column":0},"end":{"line":3,"column":19}},"3":{"start":{"line":4,"column":0},"end":{"line":4,"column":2}},"4":{"start":{"line":5,"column":0},"end":{"line":5,"column":0}},"5":{"start":{"line":6,"column":0},"end":{"line":6,"column":24}},"6":{"start":{"line":7,"column":0},"end":{"line":7,"column":2}}},"s":{"0":1,"1":3,"2":3,"3":3,"4":0,"5":0,"6":0},"branchMap":{"0":{"type":"branch","line":1,"loc":{"start":{"line":1,"column":35},"end":{"line":7,"column":2}},"locations":[{"start":{"line":1,"column":35},"end":{"line":7,"column":2}}]},"1":{"type":"branch","line":5,"loc":{"start":{"line":5,"column":-2},"end":{"line":7,"column":2}},"locations":[{"start":{"line":5,"column":-2},"end":{"line":7,"column":2}}]}},"b":{"0":[3],"1":[0]},"fnMap":{"0":{"name":"extractErrorMessage","decl":{"start":{"line":1,"column":35},"end":{"line":7,"column":2}},"loc":{"start":{"line":1,"column":35},"end":{"line":7,"column":2}},"line":1}},"f":{"0":3}}
,"C:\\Users\\Admin\\Documents\\dev\\ancyr_academy\\ratatouille-starter\\src\\modules\\store\\store.ts": {"path":"C:\\Users\\Admin\\Documents\\dev\\ancyr_academy\\ratatouille-starter\\src\\modules\\store\\store.ts","all":false,"statementMap":{"0":{"start":{"line":1,"column":0},"end":{"line":1,"column":42}},"1":{"start":{"line":2,"column":0},"end":{"line":2,"column":0}},"2":{"start":{"line":3,"column":0},"end":{"line":3,"column":8}},"3":{"start":{"line":4,"column":0},"end":{"line":4,"column":17}},"4":{"start":{"line":5,"column":0},"end":{"line":5,"column":16}},"5":{"start":{"line":6,"column":0},"end":{"line":6,"column":26}},"6":{"start":{"line":7,"column":0},"end":{"line":7,"column":26}},"7":{"start":{"line":8,"column":0},"end":{"line":8,"column":71}},"8":{"start":{"line":9,"column":0},"end":{"line":9,"column":87}},"9":{"start":{"line":10,"column":0},"end":{"line":10,"column":108}},"10":{"start":{"line":11,"column":0},"end":{"line":11,"column":98}},"11":{"start":{"line":12,"column":0},"end":{"line":12,"column":0}},"12":{"start":{"line":13,"column":0},"end":{"line":13,"column":64}},"13":{"start":{"line":14,"column":0},"end":{"line":14,"column":0}},"14":{"start":{"line":15,"column":0},"end":{"line":15,"column":54}},"15":{"start":{"line":16,"column":0},"end":{"line":16,"column":51}},"16":{"start":{"line":17,"column":0},"end":{"line":17,"column":47}},"17":{"start":{"line":18,"column":0},"end":{"line":18,"column":47}},"18":{"start":{"line":19,"column":0},"end":{"line":19,"column":0}},"19":{"start":{"line":20,"column":0},"end":{"line":20,"column":37}},"20":{"start":{"line":21,"column":0},"end":{"line":21,"column":25}},"21":{"start":{"line":22,"column":0},"end":{"line":22,"column":28}},"22":{"start":{"line":23,"column":0},"end":{"line":23,"column":7}},"23":{"start":{"line":24,"column":0},"end":{"line":24,"column":31}},"24":{"start":{"line":25,"column":0},"end":{"line":25,"column":39}},"25":{"start":{"line":26,"column":0},"end":{"line":26,"column":20}},"26":{"start":{"line":27,"column":0},"end":{"line":27,"column":17}},"27":{"start":{"line":28,"column":0},"end":{"line":28,"column":41}},"28":{"start":{"line":29,"column":0},"end":{"line":29,"column":47}},"29":{"start":{"line":30,"column":0},"end":{"line":30,"column":42}},"30":{"start":{"line":31,"column":0},"end":{"line":31,"column":38}},"31":{"start":{"line":32,"column":0},"end":{"line":32,"column":0}},"32":{"start":{"line":33,"column":0},"end":{"line":33,"column":32}},"33":{"start":{"line":34,"column":0},"end":{"line":34,"column":12}},"34":{"start":{"line":35,"column":0},"end":{"line":35,"column":40}},"35":{"start":{"line":36,"column":0},"end":{"line":36,"column":6}},"36":{"start":{"line":37,"column":0},"end":{"line":37,"column":35}},"37":{"start":{"line":38,"column":0},"end":{"line":38,"column":4}},"38":{"start":{"line":39,"column":0},"end":{"line":39,"column":4}},"39":{"start":{"line":40,"column":0},"end":{"line":40,"column":0}},"40":{"start":{"line":41,"column":0},"end":{"line":41,"column":14}},"41":{"start":{"line":42,"column":0},"end":{"line":42,"column":2}},"42":{"start":{"line":43,"column":0},"end":{"line":43,"column":0}},"43":{"start":{"line":44,"column":0},"end":{"line":44,"column":63}}},"s":{"0":1,"1":1,"2":1,"3":1,"4":1,"5":1,"6":1,"7":1,"8":1,"9":1,"10":1,"11":1,"12":1,"13":1,"14":1,"15":1,"16":1,"17":1,"18":1,"19":1,"20":24,"21":24,"22":24,"23":24,"24":24,"25":24,"26":24,"27":24,"28":24,"29":24,"30":24,"31":24,"32":24,"33":24,"34":24,"35":24,"36":24,"37":24,"38":24,"39":24,"40":24,"41":24,"42":1,"43":1},"branchMap":{"0":{"type":"branch","line":20,"loc":{"start":{"line":20,"column":27},"end":{"line":42,"column":2}},"locations":[{"start":{"line":20,"column":27},"end":{"line":42,"column":2}}]},"1":{"type":"branch","line":25,"loc":{"start":{"line":25,"column":24},"end":{"line":25,"column":26}},"locations":[{"start":{"line":25,"column":24},"end":{"line":25,"column":26}}]},"2":{"type":"branch","line":28,"loc":{"start":{"line":28,"column":14},"end":{"line":38,"column":3}},"locations":[{"start":{"line":28,"column":14},"end":{"line":38,"column":3}}]}},"b":{"0":[24],"1":[0],"2":[24]},"fnMap":{"0":{"name":"createStore","decl":{"start":{"line":20,"column":27},"end":{"line":42,"column":2}},"loc":{"start":{"line":20,"column":27},"end":{"line":42,"column":2}},"line":20},"1":{"name":"middleware","decl":{"start":{"line":28,"column":14},"end":{"line":38,"column":3}},"loc":{"start":{"line":28,"column":14},"end":{"line":38,"column":3}},"line":28},"2":{"name":"useAppDispatch","decl":{"start":{"line":44,"column":30},"end":{"line":44,"column":47}},"loc":{"start":{"line":44,"column":30},"end":{"line":44,"column":47}},"line":44}},"f":{"0":24,"1":24,"2":0}}
,"C:\\Users\\Admin\\Documents\\dev\\ancyr_academy\\ratatouille-starter\\src\\modules\\testing\\tests-environment.ts": {"path":"C:\\Users\\Admin\\Documents\\dev\\ancyr_academy\\ratatouille-starter\\src\\modules\\testing\\tests-environment.ts","all":false,"statementMap":{"0":{"start":{"line":1,"column":0},"end":{"line":1,"column":73}},"1":{"start":{"line":2,"column":0},"end":{"line":2,"column":71}},"2":{"start":{"line":3,"column":0},"end":{"line":3,"column":94}},"3":{"start":{"line":4,"column":0},"end":{"line":4,"column":92}},"4":{"start":{"line":5,"column":0},"end":{"line":5,"column":76}},"5":{"start":{"line":6,"column":0},"end":{"line":6,"column":106}},"6":{"start":{"line":7,"column":0},"end":{"line":7,"column":0}},"7":{"start":{"line":8,"column":0},"end":{"line":8,"column":3}},"8":{"start":{"line":9,"column":0},"end":{"line":9,"column":53}},"9":{"start":{"line":10,"column":0},"end":{"line":10,"column":22}},"10":{"start":{"line":11,"column":0},"end":{"line":11,"column":11}},"11":{"start":{"line":12,"column":0},"end":{"line":12,"column":3}},"12":{"start":{"line":13,"column":0},"end":{"line":13,"column":28}},"13":{"start":{"line":14,"column":0},"end":{"line":14,"column":37}},"14":{"start":{"line":15,"column":0},"end":{"line":15,"column":21}},"15":{"start":{"line":16,"column":0},"end":{"line":16,"column":34}},"16":{"start":{"line":17,"column":0},"end":{"line":17,"column":38}},"17":{"start":{"line":18,"column":0},"end":{"line":18,"column":36}},"18":{"start":{"line":19,"column":0},"end":{"line":19,"column":50}},"19":{"start":{"line":20,"column":0},"end":{"line":20,"column":17}},"20":{"start":{"line":21,"column":0},"end":{"line":21,"column":3}},"21":{"start":{"line":22,"column":0},"end":{"line":22,"column":0}},"22":{"start":{"line":23,"column":0},"end":{"line":23,"column":3}},"23":{"start":{"line":24,"column":0},"end":{"line":24,"column":49}},"24":{"start":{"line":25,"column":0},"end":{"line":25,"column":16}},"25":{"start":{"line":26,"column":0},"end":{"line":26,"column":11}},"26":{"start":{"line":27,"column":0},"end":{"line":27,"column":3}},"27":{"start":{"line":28,"column":0},"end":{"line":28,"column":42}},"28":{"start":{"line":29,"column":0},"end":{"line":29,"column":34}},"29":{"start":{"line":30,"column":0},"end":{"line":30,"column":38}},"30":{"start":{"line":31,"column":0},"end":{"line":31,"column":7}},"31":{"start":{"line":32,"column":0},"end":{"line":32,"column":35}},"32":{"start":{"line":33,"column":0},"end":{"line":33,"column":57}},"33":{"start":{"line":34,"column":0},"end":{"line":34,"column":4}},"34":{"start":{"line":35,"column":0},"end":{"line":35,"column":0}},"35":{"start":{"line":36,"column":0},"end":{"line":36,"column":23}},"36":{"start":{"line":37,"column":0},"end":{"line":37,"column":29}},"37":{"start":{"line":38,"column":0},"end":{"line":38,"column":26}},"38":{"start":{"line":39,"column":0},"end":{"line":39,"column":3}},"39":{"start":{"line":40,"column":0},"end":{"line":40,"column":0}},"40":{"start":{"line":41,"column":0},"end":{"line":41,"column":28}},"41":{"start":{"line":42,"column":0},"end":{"line":42,"column":15}},"42":{"start":{"line":43,"column":0},"end":{"line":43,"column":57}},"43":{"start":{"line":44,"column":0},"end":{"line":44,"column":4}},"44":{"start":{"line":45,"column":0},"end":{"line":45,"column":0}},"45":{"start":{"line":46,"column":0},"end":{"line":46,"column":14}},"46":{"start":{"line":47,"column":0},"end":{"line":47,"column":2}},"47":{"start":{"line":48,"column":0},"end":{"line":48,"column":0}},"48":{"start":{"line":49,"column":0},"end":{"line":49,"column":3}},"49":{"start":{"line":50,"column":0},"end":{"line":50,"column":56}},"50":{"start":{"line":51,"column":0},"end":{"line":51,"column":22}},"51":{"start":{"line":52,"column":0},"end":{"line":52,"column":11}},"52":{"start":{"line":53,"column":0},"end":{"line":53,"column":3}},"53":{"start":{"line":54,"column":0},"end":{"line":54,"column":70}},"54":{"start":{"line":55,"column":0},"end":{"line":55,"column":28}},"55":{"start":{"line":56,"column":0},"end":{"line":56,"column":37}},"56":{"start":{"line":57,"column":0},"end":{"line":57,"column":4}},"57":{"start":{"line":58,"column":0},"end":{"line":58,"column":0}},"58":{"start":{"line":59,"column":0},"end":{"line":59,"column":44}},"59":{"start":{"line":60,"column":0},"end":{"line":60,"column":0}},"60":{"start":{"line":61,"column":0},"end":{"line":61,"column":17}},"61":{"start":{"line":62,"column":0},"end":{"line":62,"column":23}},"62":{"start":{"line":63,"column":0},"end":{"line":63,"column":18}},"63":{"start":{"line":64,"column":0},"end":{"line":64,"column":3}},"64":{"start":{"line":65,"column":0},"end":{"line":65,"column":0}},"65":{"start":{"line":66,"column":0},"end":{"line":66,"column":61}},"66":{"start":{"line":67,"column":0},"end":{"line":67,"column":2}}},"s":{"0":1,"1":1,"2":1,"3":1,"4":1,"5":1,"6":1,"7":1,"8":1,"9":1,"10":1,"11":1,"12":1,"13":24,"14":24,"15":1,"16":1,"17":1,"18":1,"19":1,"20":1,"21":1,"22":1,"23":1,"24":1,"25":1,"26":1,"27":1,"28":11,"29":11,"30":11,"31":11,"32":11,"33":11,"34":11,"35":11,"36":11,"37":11,"38":11,"39":11,"40":11,"41":11,"42":11,"43":11,"44":11,"45":11,"46":11,"47":1,"48":1,"49":1,"50":1,"51":1,"52":1,"53":1,"54":2,"55":2,"56":2,"57":2,"58":2,"59":2,"60":2,"61":2,"62":2,"63":2,"64":2,"65":2,"66":2},"branchMap":{"0":{"type":"branch","line":13,"loc":{"start":{"line":13,"column":27},"end":{"line":15,"column":21}},"locations":[{"start":{"line":13,"column":27},"end":{"line":15,"column":21}}]},"1":{"type":"branch","line":28,"loc":{"start":{"line":28,"column":31},"end":{"line":47,"column":2}},"locations":[{"start":{"line":28,"column":31},"end":{"line":47,"column":2}}]},"2":{"type":"branch","line":33,"loc":{"start":{"line":33,"column":41},"end":{"line":33,"column":43}},"locations":[{"start":{"line":33,"column":41},"end":{"line":33,"column":43}}]},"3":{"type":"branch","line":33,"loc":{"start":{"line":33,"column":41},"end":{"line":33,"column":55}},"locations":[{"start":{"line":33,"column":41},"end":{"line":33,"column":55}}]},"4":{"type":"branch","line":38,"loc":{"start":{"line":38,"column":11},"end":{"line":38,"column":13}},"locations":[{"start":{"line":38,"column":11},"end":{"line":38,"column":13}}]},"5":{"type":"branch","line":38,"loc":{"start":{"line":38,"column":11},"end":{"line":38,"column":25}},"locations":[{"start":{"line":38,"column":11},"end":{"line":38,"column":25}}]},"6":{"type":"branch","line":43,"loc":{"start":{"line":43,"column":41},"end":{"line":43,"column":43}},"locations":[{"start":{"line":43,"column":41},"end":{"line":43,"column":43}}]},"7":{"type":"branch","line":43,"loc":{"start":{"line":43,"column":41},"end":{"line":43,"column":55}},"locations":[{"start":{"line":43,"column":41},"end":{"line":43,"column":55}}]},"8":{"type":"branch","line":54,"loc":{"start":{"line":54,"column":31},"end":{"line":67,"column":2}},"locations":[{"start":{"line":54,"column":31},"end":{"line":67,"column":2}}]}},"b":{"0":[24],"1":[11],"2":[2],"3":[9],"4":[2],"5":[9],"6":[2],"7":[9],"8":[2]},"fnMap":{"0":{"name":"createDependencies","decl":{"start":{"line":13,"column":27},"end":{"line":15,"column":21}},"loc":{"start":{"line":13,"column":27},"end":{"line":15,"column":21}},"line":13},"1":{"name":"createTestStore","decl":{"start":{"line":28,"column":31},"end":{"line":47,"column":2}},"loc":{"start":{"line":28,"column":31},"end":{"line":47,"column":2}},"line":28},"2":{"name":"createTestState","decl":{"start":{"line":54,"column":31},"end":{"line":67,"column":2}},"loc":{"start":{"line":54,"column":31},"end":{"line":67,"column":2}},"line":54}},"f":{"0":24,"1":11,"2":2}}
}
