TN:
SF:src\modules\core\stub.id-provider.ts
FN:3,StubIDProvider
FN:4,Object.<anonymous>.StubIDProvider.generate
FNF:2
FNH:1
FNDA:6,StubIDProvider
FNDA:0,Object.<anonymous>.StubIDProvider.generate
DA:1,1
DA:2,1
DA:3,6
DA:4,6
DA:5,0
DA:6,0
DA:7,6
LF:7
LH:5
BRDA:3,0,0,1
BRDA:3,1,0,6
BRF:2
BRH:2
end_of_record
TN:
SF:src\modules\order\core\model\ordering.domain-model.ts
FNF:0
FNH:0
DA:1,1
DA:2,1
DA:3,1
DA:4,1
DA:5,1
DA:6,1
DA:7,1
DA:8,1
DA:9,1
DA:10,1
DA:11,1
DA:12,1
DA:13,1
DA:14,1
DA:15,1
DA:16,1
DA:17,1
DA:18,1
DA:19,1
DA:20,1
DA:21,1
DA:22,1
DA:23,1
DA:24,1
DA:25,1
DA:26,1
DA:27,1
DA:28,1
DA:29,1
DA:30,1
DA:31,1
DA:32,1
DA:33,1
DA:34,1
DA:35,1
DA:36,1
DA:37,1
DA:38,1
DA:39,1
DA:40,1
DA:41,1
DA:42,1
DA:43,1
DA:44,1
DA:45,1
DA:46,1
DA:47,1
DA:48,1
DA:49,1
DA:50,1
DA:51,1
DA:52,1
DA:53,1
DA:54,1
DA:55,1
DA:56,1
DA:57,1
DA:58,1
DA:59,1
DA:60,1
DA:61,1
DA:62,1
DA:63,1
DA:64,1
DA:65,1
DA:66,1
DA:67,1
DA:68,1
DA:69,1
DA:70,1
DA:71,1
DA:72,1
DA:73,1
DA:74,1
DA:75,1
DA:76,1
DA:77,1
DA:78,1
DA:79,1
DA:80,1
DA:81,1
DA:82,1
DA:83,1
DA:84,1
DA:85,1
DA:86,1
DA:87,1
DA:88,1
DA:89,1
DA:90,1
DA:91,1
DA:92,1
DA:93,1
DA:94,1
DA:95,1
DA:96,1
DA:97,1
DA:98,1
LF:98
LH:98
BRDA:1,0,0,1
BRDA:2,1,0,1
BRDA:10,2,0,1
BRF:3
BRH:3
end_of_record
TN:
SF:src\modules\order\core\store\fetcher.listener.ts
FN:8,registerFetcherListeners
FN:13,effect
FNF:2
FNH:1
FNDA:6,registerFetcherListeners
FNDA:0,effect
DA:1,1
DA:2,1
DA:3,1
DA:4,1
DA:5,1
DA:6,1
DA:7,1
DA:8,1
DA:9,6
DA:10,6
DA:11,6
DA:12,6
DA:13,6
DA:14,0
DA:15,0
DA:16,0
DA:17,0
DA:18,0
DA:19,0
DA:20,0
DA:21,0
DA:22,0
DA:23,0
DA:24,0
DA:25,0
DA:26,6
DA:27,6
DA:28,6
LF:28
LH:16
BRDA:8,0,0,6
BRF:1
BRH:1
end_of_record
TN:
SF:src\modules\order\core\store\ordering-step.listener.ts
FN:5,registerOrderingStepListener
FN:10,effect
FN:19,effect
FN:28,effect
FN:37,effect
FNF:5
FNH:1
FNDA:6,registerOrderingStepListener
FNDA:0,effect
FNDA:0,effect
FNDA:0,effect
FNDA:0,effect
DA:1,1
DA:2,1
DA:3,1
DA:4,1
DA:5,1
DA:6,6
DA:7,6
DA:8,6
DA:9,6
DA:10,6
DA:11,0
DA:12,0
DA:13,0
DA:14,6
DA:15,6
DA:16,6
DA:17,6
DA:18,6
DA:19,6
DA:20,0
DA:21,0
DA:22,0
DA:23,6
DA:24,6
DA:25,6
DA:26,6
DA:27,6
DA:28,6
DA:29,0
DA:30,0
DA:31,0
DA:32,6
DA:33,6
DA:34,6
DA:35,6
DA:36,6
DA:37,6
DA:38,0
DA:39,0
DA:40,0
DA:41,6
DA:42,6
DA:43,6
LF:43
LH:31
BRDA:5,0,0,6
BRF:1
BRH:1
end_of_record
TN:
SF:src\modules\order\core\store\ordering.slice.ts
FN:17,setStep
FN:20,handleTablesLoading
FN:24,handleTablesError
FN:28,storeTables
FN:35,chooseGuests
FN:38,chooseTable
FN:41,storeMeals
FN:45,handleMealsLoading
FN:49,handleMealsError
FN:53,chooseMeal
FN:56,handleReservationLoading
FN:59,handleReservationError
FN:62,handleReservationSuccess
FNF:13
FNH:0
FNDA:0,setStep
FNDA:0,handleTablesLoading
FNDA:0,handleTablesError
FNDA:0,storeTables
FNDA:0,chooseGuests
FNDA:0,chooseTable
FNDA:0,storeMeals
FNDA:0,handleMealsLoading
FNDA:0,handleMealsError
FNDA:0,chooseMeal
FNDA:0,handleReservationLoading
FNDA:0,handleReservationError
FNDA:0,handleReservationSuccess
DA:1,1
DA:2,1
DA:3,1
DA:4,1
DA:5,1
DA:6,1
DA:7,1
DA:8,1
DA:9,1
DA:10,1
DA:11,1
DA:12,1
DA:13,1
DA:14,1
DA:15,1
DA:16,1
DA:17,1
DA:18,0
DA:19,1
DA:20,1
DA:21,0
DA:22,0
DA:23,1
DA:24,1
DA:25,0
DA:26,0
DA:27,1
DA:28,1
DA:29,0
DA:30,0
DA:31,0
DA:32,0
DA:33,0
DA:34,1
DA:35,1
DA:36,0
DA:37,1
DA:38,1
DA:39,0
DA:40,1
DA:41,1
DA:42,0
DA:43,0
DA:44,1
DA:45,1
DA:46,0
DA:47,0
DA:48,1
DA:49,1
DA:50,0
DA:51,0
DA:52,1
DA:53,1
DA:54,0
DA:55,1
DA:56,1
DA:57,0
DA:58,1
DA:59,1
DA:60,0
DA:61,1
DA:62,1
DA:63,0
DA:64,1
DA:65,1
DA:66,1
DA:67,1
DA:68,1
DA:69,1
LF:69
LH:47
BRF:0
BRH:0
end_of_record
TN:
SF:src\modules\order\core\testing\mock.reservation-gateway.ts
FN:4,MockReservationGateway
FN:7,Object.<anonymous>.MockReservationGateway.reserve
FN:11,Object.<anonymous>.MockReservationGateway.expectReserveWasCalledWith
FNF:3
FNH:1
FNDA:6,MockReservationGateway
FNDA:0,Object.<anonymous>.MockReservationGateway.reserve
FNDA:0,Object.<anonymous>.MockReservationGateway.expectReserveWasCalledWith
DA:1,1
DA:2,1
DA:3,1
DA:4,6
DA:5,6
DA:6,6
DA:7,6
DA:8,0
DA:9,0
DA:10,6
DA:11,6
DA:12,0
DA:13,0
DA:14,6
LF:14
LH:10
BRDA:4,0,0,1
BRDA:4,1,0,6
BRF:2
BRH:2
end_of_record
TN:
SF:src\modules\order\core\testing\stub.meal-gateway.ts
FN:5,StubMealGateway
FN:7,Object.<anonymous>.StubMealGateway.getMeals
FNF:2
FNH:1
FNDA:6,StubMealGateway
FNDA:0,Object.<anonymous>.StubMealGateway.getMeals
DA:1,1
DA:2,1
DA:3,1
DA:4,1
DA:5,1
DA:6,1
DA:7,1
DA:8,0
DA:9,0
DA:10,1
LF:10
LH:8
BRDA:4,0,0,1
BRDA:5,1,0,6
BRF:2
BRH:2
end_of_record
TN:
SF:src\modules\order\core\testing\stub.table-gateway.ts
FN:5,StubTableGateway
FN:7,Object.<anonymous>.StubTableGateway.getTables
FNF:2
FNH:1
FNDA:6,StubTableGateway
FNDA:0,Object.<anonymous>.StubTableGateway.getTables
DA:1,1
DA:2,1
DA:3,1
DA:4,1
DA:5,1
DA:6,1
DA:7,1
DA:8,0
DA:9,0
DA:10,1
LF:10
LH:8
BRDA:4,0,0,1
BRDA:5,1,0,6
BRF:2
BRH:2
end_of_record
TN:
SF:src\modules\order\core\usecases\fetch-meals.usecase.ts
FN:6,fetchMeals
FNF:1
FNH:0
FNDA:0,fetchMeals
DA:1,1
DA:2,1
DA:3,1
DA:4,1
DA:5,1
DA:6,1
DA:7,0
DA:8,0
DA:9,0
DA:10,0
DA:11,0
DA:12,0
DA:13,0
DA:14,0
DA:15,0
DA:16,0
DA:17,0
DA:18,0
DA:19,0
DA:20,0
DA:21,0
LF:21
LH:6
BRF:0
BRH:0
end_of_record
TN:
SF:src\modules\order\core\usecases\fetch-tables.usecase.ts
FN:6,fetchTables
FNF:1
FNH:0
FNDA:0,fetchTables
DA:1,1
DA:2,1
DA:3,1
DA:4,1
DA:5,1
DA:6,1
DA:7,0
DA:8,0
DA:9,0
DA:10,0
DA:11,0
DA:12,0
DA:13,0
DA:14,0
DA:15,0
DA:16,0
DA:17,0
DA:18,0
DA:19,0
DA:20,0
DA:21,0
LF:21
LH:6
BRF:0
BRH:0
end_of_record
TN:
SF:src\modules\order\react\sections\summary\summary.selector.ts
FN:9,selectSummary
FN:10,findMealById
FNF:2
FNH:2
FNDA:2,selectSummary
FNDA:5,findMealById
DA:1,1
DA:2,1
DA:3,1
DA:4,1
DA:5,1
DA:6,1
DA:7,1
DA:8,1
DA:9,1
DA:10,2
DA:11,5
DA:12,5
DA:13,5
DA:14,5
DA:15,2
DA:16,2
DA:17,2
DA:18,2
DA:19,2
DA:20,2
DA:21,2
DA:22,2
DA:23,2
DA:24,2
DA:25,2
DA:26,2
DA:27,2
DA:28,2
DA:29,2
DA:30,2
DA:31,2
DA:32,2
DA:33,2
DA:34,2
DA:35,2
DA:36,2
DA:37,2
DA:38,2
DA:39,2
DA:40,2
DA:41,2
DA:42,2
DA:43,2
LF:43
LH:43
BRDA:9,0,0,2
BRDA:10,1,0,5
BRDA:12,2,0,0
BRDA:11,3,0,11
BRDA:18,4,0,2
BRDA:22,5,0,2
BRDA:27,6,0,1
BRDA:27,7,0,1
BRDA:30,8,0,1
BRDA:31,9,0,1
BRDA:32,10,0,1
BRDA:32,11,0,1
BRF:12
BRH:11
end_of_record
TN:
SF:src\modules\shared\errors.utils.ts
FN:1,extractErrorMessage
FNF:1
FNH:0
FNDA:0,extractErrorMessage
DA:1,1
DA:2,0
DA:3,0
DA:4,0
DA:5,0
DA:6,0
DA:7,0
LF:7
LH:1
BRF:0
BRH:0
end_of_record
TN:
SF:src\modules\store\store.ts
FN:20,createStore
FN:28,middleware
FN:44,useAppDispatch
FNF:3
FNH:2
FNDA:6,createStore
FNDA:6,middleware
FNDA:0,useAppDispatch
DA:1,1
DA:2,1
DA:3,1
DA:4,1
DA:5,1
DA:6,1
DA:7,1
DA:8,1
DA:9,1
DA:10,1
DA:11,1
DA:12,1
DA:13,1
DA:14,1
DA:15,1
DA:16,1
DA:17,1
DA:18,1
DA:19,1
DA:20,1
DA:21,6
DA:22,6
DA:23,6
DA:24,6
DA:25,6
DA:26,6
DA:27,6
DA:28,6
DA:29,6
DA:30,6
DA:31,6
DA:32,6
DA:33,6
DA:34,6
DA:35,6
DA:36,6
DA:37,6
DA:38,6
DA:39,6
DA:40,6
DA:41,6
DA:42,6
DA:43,1
DA:44,1
LF:44
LH:44
BRDA:20,0,0,6
BRDA:25,1,0,0
BRDA:28,2,0,6
BRF:3
BRH:2
end_of_record
TN:
SF:src\modules\testing\tests-environment.ts
FN:13,createDependencies
FN:28,createTestStore
FN:54,createTestState
FNF:3
FNH:3
FNDA:6,createDependencies
FNDA:2,createTestStore
FNDA:2,createTestState
DA:1,1
DA:2,1
DA:3,1
DA:4,1
DA:5,1
DA:6,1
DA:7,1
DA:8,1
DA:9,1
DA:10,1
DA:11,1
DA:12,1
DA:13,1
DA:14,6
DA:15,6
DA:16,1
DA:17,1
DA:18,1
DA:19,1
DA:20,1
DA:21,1
DA:22,1
DA:23,1
DA:24,1
DA:25,1
DA:26,1
DA:27,1
DA:28,1
DA:29,2
DA:30,2
DA:31,2
DA:32,2
DA:33,2
DA:34,2
DA:35,2
DA:36,2
DA:37,2
DA:38,2
DA:39,2
DA:40,2
DA:41,2
DA:42,2
DA:43,2
DA:44,2
DA:45,2
DA:46,2
DA:47,2
DA:48,1
DA:49,1
DA:50,1
DA:51,1
DA:52,1
DA:53,1
DA:54,1
DA:55,2
DA:56,2
DA:57,2
DA:58,2
DA:59,2
DA:60,2
DA:61,2
DA:62,2
DA:63,2
DA:64,2
DA:65,2
DA:66,2
DA:67,2
LF:67
LH:67
BRDA:13,0,0,6
BRDA:28,1,0,2
BRDA:33,2,0,0
BRDA:38,3,0,0
BRDA:43,4,0,0
BRDA:54,5,0,2
BRF:6
BRH:3
end_of_record
