TN:
SF:src\modules\order\core\form\meal.form.ts
FN:3,MealForm
FN:4,Object.<anonymous>.MealForm.isMealType
FN:11,Object.<anonymous>.MealForm.hasRequiredAge
FN:20,Object.<anonymous>.MealForm.getSelectableEntries
FNF:4
FNH:4
FNDA:1,MealForm
FNDA:16,Object.<anonymous>.MealForm.isMealType
FNDA:4,Object.<anonymous>.MealForm.hasRequiredAge
FNDA:3,Object.<anonymous>.MealForm.getSelectableEntries
DA:1,1
DA:2,1
DA:3,1
DA:4,1
DA:5,16
DA:6,16
DA:7,16
DA:8,16
DA:9,16
DA:10,1
DA:11,1
DA:12,4
DA:13,4
DA:14,4
DA:15,4
DA:16,2
DA:17,2
DA:18,2
DA:19,1
DA:20,1
DA:21,3
DA:22,3
DA:23,3
DA:24,3
DA:25,16
DA:26,16
DA:27,4
DA:28,16
DA:29,3
DA:30,3
DA:31,1
LF:31
LH:31
BRDA:3,0,0,1
BRDA:3,1,0,1
BRDA:4,2,0,16
BRDA:11,3,0,4
BRDA:15,4,0,2
BRDA:20,5,0,3
BRDA:24,6,0,16
BRDA:26,7,0,4
BRF:8
BRH:8
end_of_record
TN:
SF:src\modules\order\core\model\ordering.domain-model.ts
FNF:0
FNH:0
DA:1,1
DA:2,1
DA:3,1
DA:4,1
DA:5,1
DA:6,1
DA:7,1
DA:8,1
DA:9,1
DA:10,1
DA:11,1
DA:12,1
DA:13,1
DA:14,1
DA:15,1
DA:16,1
DA:17,1
DA:18,1
DA:19,1
DA:20,1
DA:21,1
DA:22,1
DA:23,1
DA:24,1
DA:25,1
DA:26,1
DA:27,1
DA:28,1
DA:29,1
DA:30,1
DA:31,1
DA:32,1
DA:33,1
DA:34,1
DA:35,1
DA:36,1
DA:37,1
DA:38,1
DA:39,1
DA:40,1
DA:41,1
DA:42,1
DA:43,1
DA:44,1
DA:45,1
DA:46,1
DA:47,1
DA:48,1
DA:49,1
DA:50,1
LF:50
LH:50
BRDA:1,0,0,1
BRDA:2,1,0,1
BRDA:10,2,0,1
BRF:3
BRH:3
end_of_record
